#
# There is insufficient memory for the Java Runtime Environment to continue.
# Native memory allocation (mmap) failed to map 65536 bytes for Failed to commit metaspace.
# Possible reasons:
#   The system is out of physical RAM or swap space
#   The process is running with CompressedOops enabled, and the Java Heap may be blocking the growth of the native heap
# Possible solutions:
#   Reduce memory load on the system
#   Increase physical memory or swap space
#   Check if swap backing store is full
#   Decrease Java heap size (-Xmx/-Xms)
#   Decrease number of Java threads
#   Decrease Java thread stack sizes (-Xss)
#   Set larger code cache with -XX:ReservedCodeCacheSize=
#   JVM is running with Unscaled Compressed Oops mode in which the Java heap is
#     placed in the first 4GB address space. The Java Heap base address is the
#     maximum limit for the native heap growth. Please use -XX:HeapBaseMinAddress
#     to set the Java Heap base and to place the Java Heap above 4GB virtual address.
# This output file may be truncated or incomplete.
#
#  Out of Memory Error (virtualSpaceNode.cpp:110), pid=844, tid=8788
#
# JRE version: OpenJDK Runtime Environment Temurin-17.0.5+8 (17.0.5+8) (build 17.0.5+8)
# Java VM: OpenJDK 64-Bit Server VM Temurin-17.0.5+8 (17.0.5+8, mixed mode, tiered, compressed oops, compressed class ptrs, parallel gc, windows-amd64)
# No core dump will be written. Minidumps are not enabled by default on client versions of Windows
#

---------------  S U M M A R Y ------------

Command Line: --add-modules=ALL-SYSTEM --add-opens=java.base/java.util=ALL-UNNAMED --add-opens=java.base/java.lang=ALL-UNNAMED --add-opens=java.base/sun.nio.fs=ALL-UNNAMED -Declipse.application=org.eclipse.jdt.ls.core.id1 -Dosgi.bundles.defaultStartLevel=4 -Declipse.product=org.eclipse.jdt.ls.core.product -Djava.import.generatesMetadataFilesAtProjectRoot=false -Dfile.encoding=utf8 -XX:+UseParallelGC -XX:GCTimeRatio=4 -XX:AdaptiveSizePolicyWeight=90 -Dsun.zip.disableMemoryMapping=true -Xmx1G -Xms100m -Xlog:disable -javaagent:c:\Users\HP\.vscode\extensions\redhat.java-1.13.0-win32-x64\lombok\lombok-1.18.24.jar c:\Users\HP\.vscode\extensions\redhat.java-1.13.0-win32-x64\server\plugins\org.eclipse.equinox.launcher_1.6.400.v20210924-0641.jar -configuration c:\Users\HP\AppData\Roaming\Code\User\globalStorage\redhat.java\1.13.0\config_ss_win -data c:\Users\HP\AppData\Roaming\Code\User\workspaceStorage\f2350121a3b4cfbe1652b02ef9b2cb67\redhat.java\ss_ws

Host: Intel(R) Core(TM) i5-6300U CPU @ 2.40GHz, 4 cores, 7G,  Windows 10 , 64 bit Build 19041 (10.0.19041.2251)
Time: Tue Dec  6 19:00:42 2022 Pakistan Standard Time elapsed time: 2.181598 seconds (0d 0h 0m 2s)

---------------  T H R E A D  ---------------

Current thread (0x000001b6cbd5bda0):  JavaThread "main" [_thread_in_vm, id=8788, stack(0x0000004453e00000,0x0000004453f00000)]

Stack: [0x0000004453e00000,0x0000004453f00000]
Native frames: (J=compiled Java code, j=interpreted, Vv=VM code, C=native code)
V  [jvm.dll+0x676b3a]
V  [jvm.dll+0x831444]
V  [jvm.dll+0x832bee]
V  [jvm.dll+0x833253]
V  [jvm.dll+0x244ce5]
V  [jvm.dll+0x82d4db]
V  [jvm.dll+0x61b2f6]
V  [jvm.dll+0x1bfd2e]
V  [jvm.dll+0x61dc41]
V  [jvm.dll+0x61bc96]
V  [jvm.dll+0x23937f]
V  [jvm.dll+0x625af5]
V  [jvm.dll+0x1e99bb]
V  [jvm.dll+0x1e9ef5]
V  [jvm.dll+0x1ea92f]
V  [jvm.dll+0x1dfdd1]
V  [jvm.dll+0x53be30]
V  [jvm.dll+0x1f05a7]
V  [jvm.dll+0x7ab9db]
V  [jvm.dll+0x7acd82]
V  [jvm.dll+0x7ad0b8]
V  [jvm.dll+0x23d0ee]
V  [jvm.dll+0x23d33f]
V  [jvm.dll+0x5594a8]
V  [jvm.dll+0x55c357]
V  [jvm.dll+0x382574]
V  [jvm.dll+0x381bdf]
C  0x000001b6d01f9dcc

Java frames: (J=compiled Java code, j=interpreted, Vv=VM code)
j  java.security.cert.CertificateFactory.getInstance(Ljava/lang/String;)Ljava/security/cert/CertificateFactory;+12 java.base@17.0.5
j  sun.security.pkcs.PKCS7.parseSignedData(Lsun/security/util/DerValue;)V+131 java.base@17.0.5
j  sun.security.pkcs.PKCS7.parse(Lsun/security/util/DerInputStream;Z)V+40 java.base@17.0.5
j  sun.security.pkcs.PKCS7.parse(Lsun/security/util/DerInputStream;)V+11 java.base@17.0.5
j  sun.security.pkcs.PKCS7.<init>([B)V+50 java.base@17.0.5
j  sun.security.util.SignatureFileVerifier.<init>(Ljava/util/ArrayList;Lsun/security/util/ManifestDigester;Ljava/lang/String;[B)V+40 java.base@17.0.5
j  java.util.jar.JarVerifier.processEntry(Lsun/security/util/ManifestEntryVerifier;)V+322 java.base@17.0.5
j  java.util.jar.JarVerifier.update(I[BIILsun/security/util/ManifestEntryVerifier;)V+39 java.base@17.0.5
j  java.util.jar.JarFile.initializeVerifier()V+163 java.base@17.0.5
j  java.util.jar.JarFile.ensureInitialization()V+41 java.base@17.0.5
j  java.util.jar.JavaUtilJarAccessImpl.ensureInitialization(Ljava/util/jar/JarFile;)V+1 java.base@17.0.5
j  jdk.internal.loader.URLClassPath$JarLoader$2.getManifest()Ljava/util/jar/Manifest;+10 java.base@17.0.5
j  jdk.internal.loader.BuiltinClassLoader.defineClass(Ljava/lang/String;Ljdk/internal/loader/Resource;)Ljava/lang/Class;+29 java.base@17.0.5
j  jdk.internal.loader.BuiltinClassLoader.findClassOnClassPathOrNull(Ljava/lang/String;)Ljava/lang/Class;+37 java.base@17.0.5
j  jdk.internal.loader.BuiltinClassLoader.loadClassOrNull(Ljava/lang/String;Z)Ljava/lang/Class;+111 java.base@17.0.5
j  jdk.internal.loader.BuiltinClassLoader.loadClass(Ljava/lang/String;Z)Ljava/lang/Class;+3 java.base@17.0.5
j  jdk.internal.loader.ClassLoaders$AppClassLoader.loadClass(Ljava/lang/String;Z)Ljava/lang/Class;+36 java.base@17.0.5
j  java.lang.ClassLoader.loadClass(Ljava/lang/String;)Ljava/lang/Class;+3 java.base@17.0.5
v  ~StubRoutines::call_stub
j  java.lang.Class.forName0(Ljava/lang/String;ZLjava/lang/ClassLoader;Ljava/lang/Class;)Ljava/lang/Class;+0 java.base@17.0.5
j  java.lang.Class.forName(Ljava/lang/String;ZLjava/lang/ClassLoader;)Ljava/lang/Class;+43 java.base@17.0.5
j  sun.launcher.LauncherHelper.loadMainClass(ILjava/lang/String;)Ljava/lang/Class;+95 java.base@17.0.5
j  sun.launcher.LauncherHelper.checkAndLoadMain(ZILjava/lang/String;)Ljava/lang/Class;+42 java.base@17.0.5
v  ~StubRoutines::call_stub

---------------  P R O C E S S  ---------------

Threads class SMR info:
_java_thread_list=0x000001b6e37933c0, length=12, elements={
0x000001b6cbd5bda0, 0x000001b6cbbdaf30, 0x000001b6e1adef00, 0x000001b6e1b09280,
0x000001b6e1b0a000, 0x000001b6e1b0cc90, 0x000001b6e1b0eac0, 0x000001b6e1b0f760,
0x000001b6e35131a0, 0x000001b6e3513e50, 0x000001b6e35e2da0, 0x000001b6e3779d00
}

Java Threads: ( => current thread )
=>0x000001b6cbd5bda0 JavaThread "main" [_thread_in_vm, id=8788, stack(0x0000004453e00000,0x0000004453f00000)]
  0x000001b6cbbdaf30 JavaThread "Reference Handler" daemon [_thread_blocked, id=12012, stack(0x0000004454200000,0x0000004454300000)]
  0x000001b6e1adef00 JavaThread "Finalizer" daemon [_thread_blocked, id=13392, stack(0x0000004454300000,0x0000004454400000)]
  0x000001b6e1b09280 JavaThread "Signal Dispatcher" daemon [_thread_blocked, id=4268, stack(0x0000004454400000,0x0000004454500000)]
  0x000001b6e1b0a000 JavaThread "Attach Listener" daemon [_thread_blocked, id=14768, stack(0x0000004454500000,0x0000004454600000)]
  0x000001b6e1b0cc90 JavaThread "Service Thread" daemon [_thread_blocked, id=3328, stack(0x0000004454600000,0x0000004454700000)]
  0x000001b6e1b0eac0 JavaThread "Monitor Deflation Thread" daemon [_thread_blocked, id=14256, stack(0x0000004454700000,0x0000004454800000)]
  0x000001b6e1b0f760 JavaThread "C2 CompilerThread0" daemon [_thread_blocked, id=7476, stack(0x0000004454800000,0x0000004454900000)]
  0x000001b6e35131a0 JavaThread "C1 CompilerThread0" daemon [_thread_in_vm, id=14188, stack(0x0000004454900000,0x0000004454a00000)]
  0x000001b6e3513e50 JavaThread "Sweeper thread" daemon [_thread_blocked, id=11164, stack(0x0000004454a00000,0x0000004454b00000)]
  0x000001b6e35e2da0 JavaThread "Common-Cleaner" daemon [_thread_blocked, id=13944, stack(0x0000004454b00000,0x0000004454c00000)]
  0x000001b6e3779d00 JavaThread "Notification Thread" daemon [_thread_blocked, id=10468, stack(0x0000004454c00000,0x0000004454d00000)]

Other Threads:
  0x000001b6e1ac7a80 VMThread "VM Thread" [stack: 0x0000004454100000,0x0000004454200000] [id=13156] _threads_hazard_ptr=0x000001b6e37933c0
  0x000001b6e377a1d0 WatcherThread [stack: 0x0000004454d00000,0x0000004454e00000] [id=13488]
  0x000001b6cbd699d0 GCTaskThread "GC Thread#0" [stack: 0x0000004454000000,0x0000004454100000] [id=4660]

Threads with active compile tasks:
C1 CompilerThread0     2384  427       3       java.lang.Integer::parseInt (7 bytes)

VM state: synchronizing (normal execution)

VM Mutex/Monitor currently owned by a thread:  ([mutex/lock_event])
[0x000001b6cbd56c70] Metaspace_lock - owner thread: 0x000001b6cbd5bda0
[0x000001b6cbd58fa0] Threads_lock - owner thread: 0x000001b6e1ac7a80
[0x000001b6cbd591e0] MethodData_lock - owner thread: 0x000001b6e35131a0

Heap address: 0x00000000c0000000, size: 1024 MB, Compressed Oops mode: 32-bit

CDS archive(s) not mapped
Compressed class space mapped at: 0x0000000100000000-0x0000000140000000, reserved size: 1073741824
Narrow klass base: 0x0000000000000000, Narrow klass shift: 3, Narrow klass range: 0x140000000

GC Precious Log:
 CPUs: 4 total, 4 available
 Memory: 8072M
 Large Page Support: Disabled
 NUMA Support: Disabled
 Compressed Oops: Enabled (32-bit)
 Alignments: Space 512K, Generation 512K, Heap 2M
 Heap Min Capacity: 100M
 Heap Initial Capacity: 100M
 Heap Max Capacity: 1G
 Pre-touch: Disabled
 Parallel Workers: 4

Heap:
 PSYoungGen      total 29696K, used 8283K [0x00000000eab00000, 0x00000000ecc00000, 0x0000000100000000)
  eden space 25600K, 32% used [0x00000000eab00000,0x00000000eb316cf0,0x00000000ec400000)
  from space 4096K, 0% used [0x00000000ec800000,0x00000000ec800000,0x00000000ecc00000)
  to   space 4096K, 0% used [0x00000000ec400000,0x00000000ec400000,0x00000000ec800000)
 ParOldGen       total 68608K, used 0K [0x00000000c0000000, 0x00000000c4300000, 0x00000000eab00000)
  object space 68608K, 0% used [0x00000000c0000000,0x00000000c0000000,0x00000000c4300000)
 Metaspace       used 6795K, committed 6848K, reserved 1056768K
  class space    used 659K, committed 704K, reserved 1048576K

Card table byte_map: [0x000001b6df3c0000,0x000001b6df5d0000] _byte_map_base: 0x000001b6dedc0000

Marking Bits: (ParMarkBitMap*) 0x00007ffefbfb0dd0
 Begin Bits: [0x000001b6df730000, 0x000001b6e0730000)
 End Bits:   [0x000001b6e0730000, 0x000001b6e1730000)

Polling page: 0x000001b6cbe30000

Metaspace:

Usage:
  Non-class:      5.99 MB used.
      Class:    659.36 KB used.
       Both:      6.64 MB used.

Virtual space:
  Non-class space:        8.00 MB reserved,       6.00 MB ( 75%) committed,  1 nodes.
      Class space:        1.00 GB reserved,     704.00 KB ( <1%) committed,  1 nodes.
             Both:        1.01 GB reserved,       6.69 MB ( <1%) committed. 

Chunk freelists:
   Non-Class:  1.00 MB
       Class:  3.22 MB
        Both:  4.22 MB

MaxMetaspaceSize: unlimited
CompressedClassSpaceSize: 1.00 GB
Initial GC threshold: 21.00 MB
Current GC threshold: 21.00 MB
CDS: off
MetaspaceReclaimPolicy: balanced
 - commit_granule_bytes: 65536.
 - commit_granule_words: 8192.
 - virtual_space_node_default_size: 1048576.
 - enlarge_chunks_in_place: 1.
 - new_chunks_are_fully_committed: 0.
 - uncommit_free_chunks: 1.
 - use_allocation_guard: 0.
 - handle_deallocations: 1.


Internal statistics:

num_allocs_failed_limit: 0.
num_arena_births: 10.
num_arena_deaths: 0.
num_vsnodes_births: 2.
num_vsnodes_deaths: 0.
num_space_committed: 107.
num_space_uncommitted: 0.
num_chunks_returned_to_freelist: 0.
num_chunks_taken_from_freelist: 36.
num_chunk_merges: 0.
num_chunk_splits: 20.
num_chunks_enlarged: 16.
num_purges: 0.
num_inconsistent_stats: 0.

CodeHeap 'non-profiled nmethods': size=120000Kb used=126Kb max_used=126Kb free=119873Kb
 bounds [0x000001b6d7cb0000, 0x000001b6d7f20000, 0x000001b6df1e0000]
CodeHeap 'profiled nmethods': size=120000Kb used=600Kb max_used=600Kb free=119399Kb
 bounds [0x000001b6d0780000, 0x000001b6d09f0000, 0x000001b6d7cb0000]
CodeHeap 'non-nmethods': size=5760Kb used=1103Kb max_used=1116Kb free=4656Kb
 bounds [0x000001b6d01e0000, 0x000001b6d0450000, 0x000001b6d0780000]
 total_blobs=810 nmethods=426 adapters=299
 compilation: enabled
              stopped_count=0, restarted_count=0
 full_count=0

Compilation events (20 events):
Event: 2.162 Thread 0x000001b6e35131a0 nmethod 412 0x000001b6d080f110 code [0x000001b6d080f2a0, 0x000001b6d080f3f8]
Event: 2.165 Thread 0x000001b6e35131a0  416       3       java.util.HashMap$EntryIterator::next (5 bytes)
Event: 2.165 Thread 0x000001b6e1b0f760  418       4       java.util.Arrays::copyOfRange (64 bytes)
Event: 2.166 Thread 0x000001b6e35131a0 nmethod 416 0x000001b6d080f490 code [0x000001b6d080f640, 0x000001b6d080f7c8]
Event: 2.166 Thread 0x000001b6e35131a0  417       3       java.util.HashMap$EntryIterator::next (5 bytes)
Event: 2.166 Thread 0x000001b6e35131a0 nmethod 417 0x000001b6d080f890 code [0x000001b6d080fa20, 0x000001b6d080fb68]
Event: 2.166 Thread 0x000001b6e35131a0  421  s    3       java.util.Properties::put (10 bytes)
Event: 2.166 Thread 0x000001b6e35131a0 nmethod 421 0x000001b6d080fc10 code [0x000001b6d080fdc0, 0x000001b6d0810028]
Event: 2.168 Thread 0x000001b6e35131a0  422   !   3       lombok.patcher.ScriptManager$OurClassFileTransformer::transform (364 bytes)
Event: 2.169 Thread 0x000001b6e1b0f760 nmethod 418 0x000001b6d7ccf090 code [0x000001b6d7ccf220, 0x000001b6d7ccf538]
Event: 2.169 Thread 0x000001b6e1b0f760  419       4       java.lang.CharacterDataLatin1::toUpperCaseEx (71 bytes)
Event: 2.170 Thread 0x000001b6e35131a0 nmethod 422 0x000001b6d0810110 code [0x000001b6d0810460, 0x000001b6d0811dc8]
Event: 2.170 Thread 0x000001b6e1b0f760 nmethod 419 0x000001b6d7ccf690 code [0x000001b6d7ccf800, 0x000001b6d7ccf8f8]
Event: 2.173 Thread 0x000001b6e35131a0  423       3       java.lang.Number::<init> (5 bytes)
Event: 2.174 Thread 0x000001b6e35131a0 nmethod 423 0x000001b6d0812610 code [0x000001b6d08127a0, 0x000001b6d08128f8]
Event: 2.175 Thread 0x000001b6e35131a0  424       3       java.lang.Character::digit (6 bytes)
Event: 2.175 Thread 0x000001b6e35131a0 nmethod 424 0x000001b6d0812990 code [0x000001b6d0812b40, 0x000001b6d0812d78]
Event: 2.175 Thread 0x000001b6e35131a0  425       3       java.lang.CharacterDataLatin1::digit (32 bytes)
Event: 2.175 Thread 0x000001b6e35131a0 nmethod 425 0x000001b6d0812e90 code [0x000001b6d0813040, 0x000001b6d0813298]
Event: 2.176 Thread 0x000001b6e35131a0  426       3       java.lang.Integer::parseInt (264 bytes)

GC Heap History (0 events):
No events

Dll operation events (8 events):
Event: 0.027 Loaded shared library c:\Users\HP\.vscode\extensions\redhat.java-1.13.0-win32-x64\jre\17.0.5-win32-x86_64\bin\java.dll
Event: 0.777 Loaded shared library c:\Users\HP\.vscode\extensions\redhat.java-1.13.0-win32-x64\jre\17.0.5-win32-x86_64\bin\zip.dll
Event: 0.788 Loaded shared library C:\Users\HP\.vscode\extensions\redhat.java-1.13.0-win32-x64\jre\17.0.5-win32-x86_64\bin\instrument.dll
Event: 0.869 Loaded shared library C:\Users\HP\.vscode\extensions\redhat.java-1.13.0-win32-x64\jre\17.0.5-win32-x86_64\bin\net.dll
Event: 0.872 Loaded shared library C:\Users\HP\.vscode\extensions\redhat.java-1.13.0-win32-x64\jre\17.0.5-win32-x86_64\bin\nio.dll
Event: 0.890 Loaded shared library C:\Users\HP\.vscode\extensions\redhat.java-1.13.0-win32-x64\jre\17.0.5-win32-x86_64\bin\zip.dll
Event: 1.076 Loaded shared library C:\Users\HP\.vscode\extensions\redhat.java-1.13.0-win32-x64\jre\17.0.5-win32-x86_64\bin\jimage.dll
Event: 1.470 Loaded shared library c:\Users\HP\.vscode\extensions\redhat.java-1.13.0-win32-x64\jre\17.0.5-win32-x86_64\bin\verify.dll

Deoptimization events (20 events):
Event: 1.242 Thread 0x000001b6cbd5bda0 DEOPT PACKING pc=0x000001b6d07cb5d2 sp=0x0000004453efddc0
Event: 1.242 Thread 0x000001b6cbd5bda0 DEOPT UNPACKING pc=0x000001b6d0232843 sp=0x0000004453efd220 mode 0
Event: 1.983 Thread 0x000001b6cbd5bda0 Uncommon trap: trap_request=0xffffff45 fr.pc=0x000001b6d7cbc8e0 relative=0x0000000000000500
Event: 1.983 Thread 0x000001b6cbd5bda0 Uncommon trap: reason=unstable_if action=reinterpret pc=0x000001b6d7cbc8e0 method=java.util.HashMap.putVal(ILjava/lang/Object;Ljava/lang/Object;ZZ)Ljava/lang/Object; @ 69 c2
Event: 1.983 Thread 0x000001b6cbd5bda0 DEOPT PACKING pc=0x000001b6d7cbc8e0 sp=0x0000004453efd540
Event: 1.983 Thread 0x000001b6cbd5bda0 DEOPT UNPACKING pc=0x000001b6d02320a3 sp=0x0000004453efd4c0 mode 2
Event: 2.073 Thread 0x000001b6cbd5bda0 DEOPT PACKING pc=0x000001b6d079b413 sp=0x0000004453efda20
Event: 2.073 Thread 0x000001b6cbd5bda0 DEOPT UNPACKING pc=0x000001b6d0232843 sp=0x0000004453efcee0 mode 0
Event: 2.075 Thread 0x000001b6cbd5bda0 Uncommon trap: trap_request=0xffffff45 fr.pc=0x000001b6d7cbeb5c relative=0x000000000000005c
Event: 2.075 Thread 0x000001b6cbd5bda0 Uncommon trap: reason=unstable_if action=reinterpret pc=0x000001b6d7cbeb5c method=java.lang.String.isLatin1()Z @ 10 c2
Event: 2.075 Thread 0x000001b6cbd5bda0 DEOPT PACKING pc=0x000001b6d7cbeb5c sp=0x0000004453efe670
Event: 2.075 Thread 0x000001b6cbd5bda0 DEOPT UNPACKING pc=0x000001b6d02320a3 sp=0x0000004453efe600 mode 2
Event: 2.076 Thread 0x000001b6cbd5bda0 Uncommon trap: trap_request=0xffffff45 fr.pc=0x000001b6d7cbf578 relative=0x0000000000000078
Event: 2.076 Thread 0x000001b6cbd5bda0 Uncommon trap: reason=unstable_if action=reinterpret pc=0x000001b6d7cbf578 method=java.lang.String.isLatin1()Z @ 10 c2
Event: 2.076 Thread 0x000001b6cbd5bda0 DEOPT PACKING pc=0x000001b6d7cbf578 sp=0x0000004453eff070
Event: 2.076 Thread 0x000001b6cbd5bda0 DEOPT UNPACKING pc=0x000001b6d02320a3 sp=0x0000004453efefb0 mode 2
Event: 2.080 Thread 0x000001b6cbd5bda0 DEOPT PACKING pc=0x000001b6d07c6656 sp=0x0000004453eff020
Event: 2.081 Thread 0x000001b6cbd5bda0 DEOPT UNPACKING pc=0x000001b6d0232843 sp=0x0000004453efe4c0 mode 0
Event: 2.083 Thread 0x000001b6cbd5bda0 DEOPT PACKING pc=0x000001b6d079b413 sp=0x0000004453efcd10
Event: 2.083 Thread 0x000001b6cbd5bda0 DEOPT UNPACKING pc=0x000001b6d0232843 sp=0x0000004453efc1d0 mode 0

Classes unloaded (0 events):
No events

Classes redefined (0 events):
No events

Internal exceptions (2 events):
Event: 0.572 Thread 0x000001b6cbd5bda0 Exception <a 'java/lang/NoSuchMethodError'{0x00000000eacb2268}: 'void java.lang.invoke.DirectMethodHandle$Holder.invokeStatic(java.lang.Object, java.lang.Object, java.lang.Object)'> (0x00000000eacb2268) 
thrown [s\src\hotspot\share\interpreter\linkResolver.cpp, line 759]
Event: 1.632 Thread 0x000001b6cbd5bda0 Exception <a 'java/lang/reflect/InvocationTargetException'{0x00000000eaf77fc0}> (0x00000000eaf77fc0) 
thrown [s\src\hotspot\share\runtime\reflection.cpp, line 1121]

VM Operations (6 events):
Event: 0.653 Executing VM operation: HandshakeAllThreads
Event: 0.653 Executing VM operation: HandshakeAllThreads done
Event: 1.250 Executing VM operation: HandshakeAllThreads
Event: 1.250 Executing VM operation: HandshakeAllThreads done
Event: 1.250 Executing VM operation: Cleanup
Event: 1.250 Executing VM operation: Cleanup done

Events (20 events):
Event: 2.169 loading class sun/security/util/ObjectIdentifier done
Event: 2.169 loading class sun/security/util/DerValue
Event: 2.170 loading class sun/security/util/DerValue done
Event: 2.170 loading class sun/security/util/DerOutputStream
Event: 2.171 loading class sun/security/util/DerEncoder
Event: 2.171 loading class sun/security/util/DerEncoder done
Event: 2.171 loading class sun/security/util/DerOutputStream done
Event: 2.171 loading class sun/security/util/ByteArrayLexOrder
Event: 2.171 loading class sun/security/util/ByteArrayLexOrder done
Event: 2.171 loading class sun/security/util/ByteArrayTagOrder
Event: 2.171 loading class sun/security/util/ByteArrayTagOrder done
Event: 2.172 loading class java/math/BigInteger
Event: 2.173 loading class java/math/BigInteger done
Event: 2.174 loading class sun/security/x509/AlgorithmId
Event: 2.174 loading class sun/security/x509/AlgorithmId done
Event: 2.176 loading class java/security/cert/CertificateFactory
Event: 2.177 loading class java/security/cert/CertificateFactory done
Event: 2.177 loading class java/security/cert/CertificateFactorySpi
Event: 2.177 loading class java/security/cert/CertificateFactorySpi done
Event: 2.177 loading class sun/security/jca/GetInstance


Dynamic libraries:
0x00007ff65e660000 - 0x00007ff65e66e000 	c:\Users\HP\.vscode\extensions\redhat.java-1.13.0-win32-x64\jre\17.0.5-win32-x86_64\bin\java.exe
0x00007fff71810000 - 0x00007fff71a08000 	C:\Windows\SYSTEM32\ntdll.dll
0x00007fff703a0000 - 0x00007fff7045f000 	C:\Windows\System32\KERNEL32.DLL
0x00007fff6f400000 - 0x00007fff6f6d2000 	C:\Windows\System32\KERNELBASE.dll
0x00007fff6f730000 - 0x00007fff6f830000 	C:\Windows\System32\ucrtbase.dll
0x00007fff4cc20000 - 0x00007fff4cc37000 	c:\Users\HP\.vscode\extensions\redhat.java-1.13.0-win32-x64\jre\17.0.5-win32-x86_64\bin\jli.dll
0x00007fff70150000 - 0x00007fff702ed000 	C:\Windows\System32\USER32.dll
0x00007fff6f3d0000 - 0x00007fff6f3f2000 	C:\Windows\System32\win32u.dll
0x00007fff705a0000 - 0x00007fff705cb000 	C:\Windows\System32\GDI32.dll
0x00007fff6f050000 - 0x00007fff6f15f000 	C:\Windows\System32\gdi32full.dll
0x00007fff6f1d0000 - 0x00007fff6f26d000 	C:\Windows\System32\msvcp_win.dll
0x00007fff4a9d0000 - 0x00007fff4a9e9000 	c:\Users\HP\.vscode\extensions\redhat.java-1.13.0-win32-x64\jre\17.0.5-win32-x86_64\bin\VCRUNTIME140.dll
0x00007fff4f500000 - 0x00007fff4f79a000 	C:\Windows\WinSxS\amd64_microsoft.windows.common-controls_6595b64144ccf1df_6.0.19041.1110_none_60b5254171f9507e\COMCTL32.dll
0x00007fff70300000 - 0x00007fff7039e000 	C:\Windows\System32\msvcrt.dll
0x00007fff70ba0000 - 0x00007fff70bd2000 	C:\Windows\System32\IMM32.DLL
0x00007fff64560000 - 0x00007fff6456c000 	c:\Users\HP\.vscode\extensions\redhat.java-1.13.0-win32-x64\jre\17.0.5-win32-x86_64\bin\vcruntime140_1.dll
0x00007ffefc6c0000 - 0x00007ffefc751000 	c:\Users\HP\.vscode\extensions\redhat.java-1.13.0-win32-x64\jre\17.0.5-win32-x86_64\bin\msvcp140.dll
0x00007ffefb430000 - 0x00007ffefc074000 	c:\Users\HP\.vscode\extensions\redhat.java-1.13.0-win32-x64\jre\17.0.5-win32-x86_64\bin\server\jvm.dll
0x00007fff70c50000 - 0x00007fff70cfe000 	C:\Windows\System32\ADVAPI32.dll
0x00007fff70a20000 - 0x00007fff70abc000 	C:\Windows\System32\sechost.dll
0x00007fff705d0000 - 0x00007fff706f5000 	C:\Windows\System32\RPCRT4.dll
0x00007fff5c100000 - 0x00007fff5c109000 	C:\Windows\SYSTEM32\WSOCK32.dll
0x00007fff70be0000 - 0x00007fff70c4b000 	C:\Windows\System32\WS2_32.dll
0x00007fff4f390000 - 0x00007fff4f3b7000 	C:\Windows\SYSTEM32\WINMM.dll
0x00007fff65bf0000 - 0x00007fff65bfa000 	C:\Windows\SYSTEM32\VERSION.dll
0x00007fff6d750000 - 0x00007fff6d762000 	C:\Windows\SYSTEM32\kernel.appcore.dll
0x00007fff5c480000 - 0x00007fff5c48a000 	c:\Users\HP\.vscode\extensions\redhat.java-1.13.0-win32-x64\jre\17.0.5-win32-x86_64\bin\jimage.dll
0x00007fff6cd60000 - 0x00007fff6cf44000 	C:\Windows\SYSTEM32\DBGHELP.DLL
0x00007fff59bf0000 - 0x00007fff59c1c000 	C:\Windows\SYSTEM32\dbgcore.DLL
0x00007fff6ef10000 - 0x00007fff6ef92000 	C:\Windows\System32\bcryptPrimitives.dll
0x00007fff4dbf0000 - 0x00007fff4dbfe000 	c:\Users\HP\.vscode\extensions\redhat.java-1.13.0-win32-x64\jre\17.0.5-win32-x86_64\bin\instrument.dll
0x00007fff41170000 - 0x00007fff41195000 	c:\Users\HP\.vscode\extensions\redhat.java-1.13.0-win32-x64\jre\17.0.5-win32-x86_64\bin\java.dll
0x00007fff48a90000 - 0x00007fff48aa8000 	c:\Users\HP\.vscode\extensions\redhat.java-1.13.0-win32-x64\jre\17.0.5-win32-x86_64\bin\zip.dll
0x00007fff6f930000 - 0x00007fff70073000 	C:\Windows\System32\SHELL32.dll
0x00007fff6cf50000 - 0x00007fff6d6e2000 	C:\Windows\SYSTEM32\windows.storage.dll
0x00007fff70e40000 - 0x00007fff71194000 	C:\Windows\System32\combase.dll
0x00007fff6e7b0000 - 0x00007fff6e7e0000 	C:\Windows\SYSTEM32\Wldp.dll
0x00007fff704f0000 - 0x00007fff7059d000 	C:\Windows\System32\SHCORE.dll
0x00007fff708a0000 - 0x00007fff708f5000 	C:\Windows\System32\shlwapi.dll
0x00007fff6ee50000 - 0x00007fff6ee6f000 	C:\Windows\SYSTEM32\profapi.dll
0x00007fff469a0000 - 0x00007fff469b9000 	C:\Users\HP\.vscode\extensions\redhat.java-1.13.0-win32-x64\jre\17.0.5-win32-x86_64\bin\net.dll
0x00007fff61a50000 - 0x00007fff61b5c000 	C:\Windows\SYSTEM32\WINHTTP.dll
0x00007fff6e590000 - 0x00007fff6e5fa000 	C:\Windows\system32\mswsock.dll
0x00007fff41860000 - 0x00007fff41875000 	C:\Users\HP\.vscode\extensions\redhat.java-1.13.0-win32-x64\jre\17.0.5-win32-x86_64\bin\nio.dll
0x00007fff4d7d0000 - 0x00007fff4d7e0000 	c:\Users\HP\.vscode\extensions\redhat.java-1.13.0-win32-x64\jre\17.0.5-win32-x86_64\bin\verify.dll

dbghelp: loaded successfully - version: 4.0.5 - missing functions: none
symbol engine: initialized successfully - sym options: 0x614 - pdb path: .;c:\Users\HP\.vscode\extensions\redhat.java-1.13.0-win32-x64\jre\17.0.5-win32-x86_64\bin;C:\Windows\SYSTEM32;C:\Windows\WinSxS\amd64_microsoft.windows.common-controls_6595b64144ccf1df_6.0.19041.1110_none_60b5254171f9507e;c:\Users\HP\.vscode\extensions\redhat.java-1.13.0-win32-x64\jre\17.0.5-win32-x86_64\bin\server

VM Arguments:
jvm_args: --add-modules=ALL-SYSTEM --add-opens=java.base/java.util=ALL-UNNAMED --add-opens=java.base/java.lang=ALL-UNNAMED --add-opens=java.base/sun.nio.fs=ALL-UNNAMED -Declipse.application=org.eclipse.jdt.ls.core.id1 -Dosgi.bundles.defaultStartLevel=4 -Declipse.product=org.eclipse.jdt.ls.core.product -Djava.import.generatesMetadataFilesAtProjectRoot=false -Dfile.encoding=utf8 -XX:+UseParallelGC -XX:GCTimeRatio=4 -XX:AdaptiveSizePolicyWeight=90 -Dsun.zip.disableMemoryMapping=true -Xmx1G -Xms100m -Xlog:disable -javaagent:c:\Users\HP\.vscode\extensions\redhat.java-1.13.0-win32-x64\lombok\lombok-1.18.24.jar 
java_command: c:\Users\HP\.vscode\extensions\redhat.java-1.13.0-win32-x64\server\plugins\org.eclipse.equinox.launcher_1.6.400.v20210924-0641.jar -configuration c:\Users\HP\AppData\Roaming\Code\User\globalStorage\redhat.java\1.13.0\config_ss_win -data c:\Users\HP\AppData\Roaming\Code\User\workspaceStorage\f2350121a3b4cfbe1652b02ef9b2cb67\redhat.java\ss_ws
java_class_path (initial): c:\Users\HP\.vscode\extensions\redhat.java-1.13.0-win32-x64\server\plugins\org.eclipse.equinox.launcher_1.6.400.v20210924-0641.jar
Launcher Type: SUN_STANDARD

[Global flags]
    uintx AdaptiveSizePolicyWeight                 = 90                                        {product} {command line}
     intx CICompilerCount                          = 3                                         {product} {ergonomic}
    uintx GCTimeRatio                              = 4                                         {product} {command line}
   size_t InitialHeapSize                          = 104857600                                 {product} {command line}
   size_t MaxHeapSize                              = 1073741824                                {product} {command line}
   size_t MaxNewSize                               = 357564416                                 {product} {ergonomic}
   size_t MinHeapDeltaBytes                        = 524288                                    {product} {ergonomic}
   size_t MinHeapSize                              = 104857600                                 {product} {command line}
   size_t NewSize                                  = 34603008                                  {product} {ergonomic}
    uintx NonNMethodCodeHeapSize                   = 5832780                                {pd product} {ergonomic}
    uintx NonProfiledCodeHeapSize                  = 122912730                              {pd product} {ergonomic}
   size_t OldSize                                  = 70254592                                  {product} {ergonomic}
    uintx ProfiledCodeHeapSize                     = 122912730                              {pd product} {ergonomic}
    uintx ReservedCodeCacheSize                    = 251658240                              {pd product} {ergonomic}
     bool SegmentedCodeCache                       = true                                      {product} {ergonomic}
   size_t SoftMaxHeapSize                          = 1073741824                             {manageable} {ergonomic}
     bool UseCompressedClassPointers               = true                           {product lp64_product} {ergonomic}
     bool UseCompressedOops                        = true                           {product lp64_product} {ergonomic}
     bool UseLargePagesIndividualAllocation        = false                                  {pd product} {ergonomic}
     bool UseParallelGC                            = true                                      {product} {command line}

Logging:
Log output configuration:
 #0: stdout all=off uptime,level,tags
 #1: stderr all=off uptime,level,tags

Environment Variables:
PATH=C:\Python310\Scripts\;C:\Python310\;C:\Windows\system32;C:\Windows;C:\Windows\System32\Wbem;C:\Windows\System32\WindowsPowerShell\v1.0\;C:\Windows\System32\OpenSSH\;C:\Program Files\Microsoft SQL Server\150\Tools\Binn\;C:\Program Files\Microsoft SQL Server\Client SDK\ODBC\170\Tools\Binn\;C:\Program Files\dotnet\;C:\Program Files (x86)\Microsoft SQL Server\150\Tools\Binn\;C:\Program Files\Microsoft SQL Server\150\DTS\Binn\;C:\Program Files\Azure Data Studio\bin;E:\Softwares and Drivers\;C:\ProgramData\chocolatey\bin;E:\Softwares and Drivers\Git\cmd;C:\Program Files\Docker\Docker\resources\bin;C:\Users\HP\AppData\Local\Microsoft\WindowsApps;C:\Program Files\JetBrains\IntelliJ IDEA Community Edition 2020.3.2\bin;;C:\Users\HP\.dotnet\tools;C:\Program Files\Azure Data Studio\bin;E:\Microsoft VS Code\bin;C:\Users\HP\AppData\Roaming\npm;C:\Users\HP\AppData\Local\GitHubDesktop\bin
USERNAME=HP
OS=Windows_NT
PROCESSOR_IDENTIFIER=Intel64 Family 6 Model 78 Stepping 3, GenuineIntel
TMP=C:\Users\HP\AppData\Local\Temp
TEMP=C:\Users\HP\AppData\Local\Temp



---------------  S Y S T E M  ---------------

OS:
 Windows 10 , 64 bit Build 19041 (10.0.19041.2251)
OS uptime: 0 days 6:39 hours
Hyper-V role detected

CPU: total 4 (initial active 4) (2 cores per cpu, 2 threads per core) family 6 model 78 stepping 3 microcode 0xcc, cx8, cmov, fxsr, ht, mmx, 3dnowpref, sse, sse2, sse3, ssse3, sse4.1, sse4.2, popcnt, lzcnt, tsc, tscinvbit, avx, avx2, aes, erms, clmul, bmi1, bmi2, rtm, adx, fma, vzeroupper, clflush, clflushopt, hv

Memory: 4k page, system-wide physical 8072M (1364M free)
TotalPageFile size 8947M (AvailPageFile size 103M)
current process WorkingSet (physical memory assigned to process): 41M, peak: 41M
current process commit charge ("private bytes"): 175M, peak: 175M

vm_info: OpenJDK 64-Bit Server VM (17.0.5+8) for windows-amd64 JRE (17.0.5+8), built on Oct 19 2022 04:48:13 by "temurin" with MS VC++ 16.7 (VS2019)

END.
