#
# There is insufficient memory for the Java Runtime Environment to continue.
# Native memory allocation (malloc) failed to allocate 1847664 bytes for Chunk::new
# Possible reasons:
#   The system is out of physical RAM or swap space
#   The process is running with CompressedOops enabled, and the Java Heap may be blocking the growth of the native heap
# Possible solutions:
#   Reduce memory load on the system
#   Increase physical memory or swap space
#   Check if swap backing store is full
#   Decrease Java heap size (-Xmx/-Xms)
#   Decrease number of Java threads
#   Decrease Java thread stack sizes (-Xss)
#   Set larger code cache with -XX:ReservedCodeCacheSize=
#   JVM is running with Unscaled Compressed Oops mode in which the Java heap is
#     placed in the first 4GB address space. The Java Heap base address is the
#     maximum limit for the native heap growth. Please use -XX:HeapBaseMinAddress
#     to set the Java Heap base and to place the Java Heap above 4GB virtual address.
# This output file may be truncated or incomplete.
#
#  Out of Memory Error (arena.cpp:189), pid=2932, tid=8684
#
# JRE version: OpenJDK Runtime Environment Temurin-17.0.5+8 (17.0.5+8) (build 17.0.5+8)
# Java VM: OpenJDK 64-Bit Server VM Temurin-17.0.5+8 (17.0.5+8, mixed mode, tiered, compressed oops, compressed class ptrs, parallel gc, windows-amd64)
# No core dump will be written. Minidumps are not enabled by default on client versions of Windows
#

---------------  S U M M A R Y ------------

Command Line: --add-modules=ALL-SYSTEM --add-opens=java.base/java.util=ALL-UNNAMED --add-opens=java.base/java.lang=ALL-UNNAMED --add-opens=java.base/sun.nio.fs=ALL-UNNAMED -Declipse.application=org.eclipse.jdt.ls.core.id1 -Dosgi.bundles.defaultStartLevel=4 -Declipse.product=org.eclipse.jdt.ls.core.product -Djava.import.generatesMetadataFilesAtProjectRoot=false -Dfile.encoding=utf8 -XX:+UseParallelGC -XX:GCTimeRatio=4 -XX:AdaptiveSizePolicyWeight=90 -Dsun.zip.disableMemoryMapping=true -Xmx1G -Xms100m -Xlog:disable -javaagent:c:\Users\HP\.vscode\extensions\redhat.java-1.13.0-win32-x64\lombok\lombok-1.18.24.jar -XX:+HeapDumpOnOutOfMemoryError -XX:HeapDumpPath=c:\Users\HP\AppData\Roaming\Code\User\workspaceStorage\f2350121a3b4cfbe1652b02ef9b2cb67\redhat.java c:\Users\HP\.vscode\extensions\redhat.java-1.13.0-win32-x64\server\plugins\org.eclipse.equinox.launcher_1.6.400.v20210924-0641.jar -configuration c:\Users\HP\AppData\Roaming\Code\User\globalStorage\redhat.java\1.13.0\config_win -data c:\Users\HP\AppData\Roaming\Code\User\workspaceStorage\f2350121a3b4cfbe1652b02ef9b2cb67\redhat.java\jdt_ws

Host: Intel(R) Core(TM) i5-6300U CPU @ 2.40GHz, 4 cores, 7G,  Windows 10 , 64 bit Build 19041 (10.0.19041.2251)
Time: Tue Dec  6 19:00:34 2022 Pakistan Standard Time elapsed time: 13.893893 seconds (0d 0h 0m 13s)

---------------  T H R E A D  ---------------

Current thread (0x00000206cb9a0490):  JavaThread "C2 CompilerThread0" daemon [_thread_in_native, id=8684, stack(0x0000007b8d800000,0x0000007b8d900000)]


Current CompileTask:
C2:  13894 3438   !   4       org.eclipse.osgi.internal.loader.classpath.ClasspathManager::defineClass (636 bytes)

Stack: [0x0000007b8d800000,0x0000007b8d900000]
Native frames: (J=compiled Java code, j=interpreted, Vv=VM code, C=native code)
V  [jvm.dll+0x676b3a]
V  [jvm.dll+0x831444]
V  [jvm.dll+0x832bee]
V  [jvm.dll+0x833253]
V  [jvm.dll+0x244ce5]
V  [jvm.dll+0xabbac]
V  [jvm.dll+0xac17c]
V  [jvm.dll+0x362d57]
V  [jvm.dll+0x1bb2b2]
V  [jvm.dll+0x217ca9]
V  [jvm.dll+0x216f71]
V  [jvm.dll+0x1a343d]
V  [jvm.dll+0x22698a]
V  [jvm.dll+0x224ac5]
V  [jvm.dll+0x7e727b]
V  [jvm.dll+0x7e17ea]
V  [jvm.dll+0x6759e5]
C  [ucrtbase.dll+0x21bb2]
C  [KERNEL32.DLL+0x174b4]
C  [ntdll.dll+0x526a1]


---------------  P R O C E S S  ---------------

Threads class SMR info:
_java_thread_list=0x00000206d14ec810, length=26, elements={
0x00000206b5c0a5d0, 0x00000206b5afc440, 0x00000206cb96ff10, 0x00000206cb99a160,
0x00000206cb99aee0, 0x00000206cb99de70, 0x00000206cb99f8a0, 0x00000206cb9a0490,
0x00000206cb9de850, 0x00000206cd315b60, 0x00000206cd3ec000, 0x00000206cd51b170,
0x00000206cdece8d0, 0x00000206ce84aa10, 0x00000206cde1a4e0, 0x00000206cde19d90,
0x00000206ceb62fe0, 0x00000206ceabdb70, 0x00000206ceb5abd0, 0x00000206ceb5b570,
0x00000206ceb5b0a0, 0x00000206ceb58a20, 0x00000206ceb5ba40, 0x00000206ceb593c0,
0x00000206ceb58ef0, 0x00000206cf0358b0
}

Java Threads: ( => current thread )
  0x00000206b5c0a5d0 JavaThread "main" [_thread_blocked, id=14480, stack(0x0000007b8ce00000,0x0000007b8cf00000)]
  0x00000206b5afc440 JavaThread "Reference Handler" daemon [_thread_blocked, id=940, stack(0x0000007b8d200000,0x0000007b8d300000)]
  0x00000206cb96ff10 JavaThread "Finalizer" daemon [_thread_blocked, id=8836, stack(0x0000007b8d300000,0x0000007b8d400000)]
  0x00000206cb99a160 JavaThread "Signal Dispatcher" daemon [_thread_blocked, id=13904, stack(0x0000007b8d400000,0x0000007b8d500000)]
  0x00000206cb99aee0 JavaThread "Attach Listener" daemon [_thread_blocked, id=13000, stack(0x0000007b8d500000,0x0000007b8d600000)]
  0x00000206cb99de70 JavaThread "Service Thread" daemon [_thread_blocked, id=12636, stack(0x0000007b8d600000,0x0000007b8d700000)]
  0x00000206cb99f8a0 JavaThread "Monitor Deflation Thread" daemon [_thread_blocked, id=8952, stack(0x0000007b8d700000,0x0000007b8d800000)]
=>0x00000206cb9a0490 JavaThread "C2 CompilerThread0" daemon [_thread_in_native, id=8684, stack(0x0000007b8d800000,0x0000007b8d900000)]
  0x00000206cb9de850 JavaThread "C1 CompilerThread0" daemon [_thread_blocked, id=9564, stack(0x0000007b8d900000,0x0000007b8da00000)]
  0x00000206cd315b60 JavaThread "Sweeper thread" daemon [_thread_blocked, id=13896, stack(0x0000007b8da00000,0x0000007b8db00000)]
  0x00000206cd3ec000 JavaThread "Common-Cleaner" daemon [_thread_blocked, id=1704, stack(0x0000007b8db00000,0x0000007b8dc00000)]
  0x00000206cd51b170 JavaThread "Notification Thread" daemon [_thread_blocked, id=12628, stack(0x0000007b8dc00000,0x0000007b8dd00000)]
  0x00000206cdece8d0 JavaThread "Active Thread: Equinox Container: b9ac8578-c68e-433c-aa82-5e97222c3955" [_thread_blocked, id=772, stack(0x0000007b8e100000,0x0000007b8e200000)]
  0x00000206ce84aa10 JavaThread "Framework Event Dispatcher: Equinox Container: b9ac8578-c68e-433c-aa82-5e97222c3955" daemon [_thread_blocked, id=13976, stack(0x0000007b8e300000,0x0000007b8e400000)]
  0x00000206cde1a4e0 JavaThread "Start Level: Equinox Container: b9ac8578-c68e-433c-aa82-5e97222c3955" daemon [_thread_blocked, id=13356, stack(0x0000007b8e400000,0x0000007b8e500000)]
  0x00000206cde19d90 JavaThread "SCR Component Actor" daemon [_thread_blocked, id=11944, stack(0x0000007b8e500000,0x0000007b8e600000)]
  0x00000206ceb62fe0 JavaThread "Worker-JM" [_thread_blocked, id=12024, stack(0x0000007b8e600000,0x0000007b8e700000)]
  0x00000206ceabdb70 JavaThread "Worker-0: Repository registry initialization" [_thread_in_Java, id=9188, stack(0x0000007b8e800000,0x0000007b8e900000)]
  0x00000206ceb5abd0 JavaThread "Worker-1: Updating Maven Dependencies" [_thread_blocked, id=12416, stack(0x0000007b8e900000,0x0000007b8ea00000)]
  0x00000206ceb5b570 JavaThread "Worker-2" [_thread_blocked, id=14348, stack(0x0000007b8e700000,0x0000007b8e800000)]
  0x00000206ceb5b0a0 JavaThread "Worker-3" [_thread_blocked, id=3648, stack(0x0000007b8ea00000,0x0000007b8eb00000)]
  0x00000206ceb58a20 JavaThread "Java indexing" daemon [_thread_blocked, id=13248, stack(0x0000007b8eb00000,0x0000007b8ec00000)]
  0x00000206ceb5ba40 JavaThread "JNA Cleaner" daemon [_thread_blocked, id=2164, stack(0x0000007b8ec00000,0x0000007b8ed00000)]
  0x00000206ceb593c0 JavaThread "pool-2-thread-1" [_thread_blocked, id=2872, stack(0x0000007b8ef00000,0x0000007b8f000000)]
  0x00000206ceb58ef0 JavaThread "pool-1-thread-1" [_thread_in_native, id=2848, stack(0x0000007b8e200000,0x0000007b8e300000)]
  0x00000206cf0358b0 JavaThread "C2 CompilerThread1" daemon [_thread_in_native, id=11720, stack(0x0000007b8f000000,0x0000007b8f100000)]

Other Threads:
  0x00000206cb956ea0 VMThread "VM Thread" [stack: 0x0000007b8d100000,0x0000007b8d200000] [id=6484]
  0x00000206cd65a040 WatcherThread [stack: 0x0000007b8dd00000,0x0000007b8de00000] [id=4236]
  0x00000206b5c21b60 GCTaskThread "GC Thread#0" [stack: 0x0000007b8d000000,0x0000007b8d100000] [id=568]
  0x00000206cd9ae920 GCTaskThread "GC Thread#1" [stack: 0x0000007b8de00000,0x0000007b8df00000] [id=14164]
  0x00000206cd9aefe0 GCTaskThread "GC Thread#2" [stack: 0x0000007b8df00000,0x0000007b8e000000] [id=1200]
  0x00000206cd9af290 GCTaskThread "GC Thread#3" [stack: 0x0000007b8e000000,0x0000007b8e100000] [id=14560]

Threads with active compile tasks:
C2 CompilerThread0    13968 3438   !   4       org.eclipse.osgi.internal.loader.classpath.ClasspathManager::defineClass (636 bytes)
C2 CompilerThread1    13968 3705 %     4       java.io.WinNTFileSystem::normalize @ 22 (143 bytes)

VM state: not at safepoint (normal execution)

VM Mutex/Monitor currently owned by a thread: None

Heap address: 0x00000000c0000000, size: 1024 MB, Compressed Oops mode: 32-bit

CDS archive(s) not mapped
Compressed class space mapped at: 0x0000000100000000-0x0000000140000000, reserved size: 1073741824
Narrow klass base: 0x0000000000000000, Narrow klass shift: 3, Narrow klass range: 0x140000000

GC Precious Log:
 CPUs: 4 total, 4 available
 Memory: 8072M
 Large Page Support: Disabled
 NUMA Support: Disabled
 Compressed Oops: Enabled (32-bit)
 Alignments: Space 512K, Generation 512K, Heap 2M
 Heap Min Capacity: 100M
 Heap Initial Capacity: 100M
 Heap Max Capacity: 1G
 Pre-touch: Disabled
 Parallel Workers: 4

Heap:
 PSYoungGen      total 24064K, used 4140K [0x00000000eab00000, 0x00000000ec600000, 0x0000000100000000)
  eden space 22528K, 11% used [0x00000000eab00000,0x00000000ead97e60,0x00000000ec100000)
  from space 1536K, 96% used [0x00000000ec400000,0x00000000ec573270,0x00000000ec580000)
  to   space 512K, 0% used [0x00000000ec580000,0x00000000ec580000,0x00000000ec600000)
 ParOldGen       total 68608K, used 13016K [0x00000000c0000000, 0x00000000c4300000, 0x00000000eab00000)
  object space 68608K, 18% used [0x00000000c0000000,0x00000000c0cb6290,0x00000000c4300000)
 Metaspace       used 41735K, committed 42432K, reserved 1089536K
  class space    used 4471K, committed 4800K, reserved 1048576K

Card table byte_map: [0x00000206c9270000,0x00000206c9480000] _byte_map_base: 0x00000206c8c70000

Marking Bits: (ParMarkBitMap*) 0x00007ffefbfb0dd0
 Begin Bits: [0x00000206c95e0000, 0x00000206ca5e0000)
 End Bits:   [0x00000206ca5e0000, 0x00000206cb5e0000)

Polling page: 0x00000206b5ab0000

Metaspace:

Usage:
  Non-class:     36.39 MB used.
      Class:      4.37 MB used.
       Both:     40.76 MB used.

Virtual space:
  Non-class space:       40.00 MB reserved,      36.75 MB ( 92%) committed,  5 nodes.
      Class space:        1.00 GB reserved,       4.69 MB ( <1%) committed,  1 nodes.
             Both:        1.04 GB reserved,      41.44 MB (  4%) committed. 

Chunk freelists:
   Non-Class:  3.02 MB
       Class:  3.13 MB
        Both:  6.15 MB

MaxMetaspaceSize: unlimited
CompressedClassSpaceSize: 1.00 GB
Initial GC threshold: 21.00 MB
Current GC threshold: 58.38 MB
CDS: off
MetaspaceReclaimPolicy: balanced
 - commit_granule_bytes: 65536.
 - commit_granule_words: 8192.
 - virtual_space_node_default_size: 1048576.
 - enlarge_chunks_in_place: 1.
 - new_chunks_are_fully_committed: 0.
 - uncommit_free_chunks: 1.
 - use_allocation_guard: 0.
 - handle_deallocations: 1.


Internal statistics:

num_allocs_failed_limit: 6.
num_arena_births: 296.
num_arena_deaths: 14.
num_vsnodes_births: 6.
num_vsnodes_deaths: 0.
num_space_committed: 663.
num_space_uncommitted: 0.
num_chunks_returned_to_freelist: 20.
num_chunks_taken_from_freelist: 1739.
num_chunk_merges: 10.
num_chunk_splits: 1090.
num_chunks_enlarged: 669.
num_purges: 2.
num_inconsistent_stats: 0.

CodeHeap 'non-profiled nmethods': size=120000Kb used=1757Kb max_used=1757Kb free=118242Kb
 bounds [0x00000206c1b60000, 0x00000206c1dd0000, 0x00000206c9090000]
CodeHeap 'profiled nmethods': size=120000Kb used=7875Kb max_used=7875Kb free=112124Kb
 bounds [0x00000206ba630000, 0x00000206badf0000, 0x00000206c1b60000]
CodeHeap 'non-nmethods': size=5760Kb used=1263Kb max_used=1321Kb free=4497Kb
 bounds [0x00000206ba090000, 0x00000206ba300000, 0x00000206ba630000]
 total_blobs=4341 nmethods=3759 adapters=496
 compilation: enabled
              stopped_count=0, restarted_count=0
 full_count=0

Compilation events (20 events):
Event: 13.880 Thread 0x00000206cb9de850 3719   !   3       com.google.common.cache.LocalCache$Segment::runLockedCleanup (39 bytes)
Event: 13.882 Thread 0x00000206cb9de850 nmethod 3719 0x00000206badbf810 code [0x00000206badbfa80, 0x00000206badc0598]
Event: 13.882 Thread 0x00000206cb9de850 3720       3       com.google.common.cache.LocalCache$Segment::runUnlockedCleanup (15 bytes)
Event: 13.886 Thread 0x00000206cb9de850 nmethod 3720 0x00000206badc0a10 code [0x00000206badc0bc0, 0x00000206badc0f08]
Event: 13.886 Thread 0x00000206cb9de850 3721   !   3       com.google.common.cache.LocalCache::processPendingNotifications (47 bytes)
Event: 13.887 Thread 0x00000206cb9de850 nmethod 3721 0x00000206badc1090 code [0x00000206badc1280, 0x00000206badc18e8]
Event: 13.887 Thread 0x00000206cb9de850 3723       3       com.google.common.cache.LocalCache$Segment::preWriteCleanup (6 bytes)
Event: 13.887 Thread 0x00000206cb9de850 nmethod 3723 0x00000206badc1b10 code [0x00000206badc1ca0, 0x00000206badc1de8]
Event: 13.887 Thread 0x00000206cb9de850 3724       3       com.google.common.cache.LocalCache$Segment::postWriteCleanup (5 bytes)
Event: 13.888 Thread 0x00000206cb9de850 nmethod 3724 0x00000206badc1e90 code [0x00000206badc2060, 0x00000206badc2408]
Event: 13.888 Thread 0x00000206cb9de850 3725       3       com.google.common.base.Ticker$1::read (4 bytes)
Event: 13.888 Thread 0x00000206cb9de850 nmethod 3725 0x00000206badc2590 code [0x00000206badc2720, 0x00000206badc2898]
Event: 13.888 Thread 0x00000206cb9de850 3726       3       com.google.common.cache.LocalCache$LoadingValueReference::set (9 bytes)
Event: 13.889 Thread 0x00000206cb9de850 nmethod 3726 0x00000206badc2990 code [0x00000206badc2b40, 0x00000206badc2ce8]
Event: 13.889 Thread 0x00000206cb9de850 3727       3       java.util.concurrent.locks.ReentrantLock::tryLock (8 bytes)
Event: 13.889 Thread 0x00000206cb9de850 nmethod 3727 0x00000206badc2e10 code [0x00000206badc2fc0, 0x00000206badc3108]
Event: 13.889 Thread 0x00000206cb9de850 3722       3       com.google.inject.internal.InheritingState::getExplicitBinding (36 bytes)
Event: 13.891 Thread 0x00000206cb9de850 nmethod 3722 0x00000206badc3210 code [0x00000206badc33e0, 0x00000206badc38b8]
Event: 13.891 Thread 0x00000206cb9de850 3718       3       java.lang.reflect.AnnotatedElement::isAnnotationPresent (16 bytes)
Event: 13.891 Thread 0x00000206cb9de850 nmethod 3718 0x00000206badc3a10 code [0x00000206badc3bc0, 0x00000206badc3de8]

GC Heap History (20 events):
Event: 6.715 GC heap before
{Heap before GC invocations=4 (full 0):
 PSYoungGen      total 29696K, used 11219K [0x00000000eab00000, 0x00000000ecc00000, 0x0000000100000000)
  eden space 25600K, 27% used [0x00000000eab00000,0x00000000eb1f5b58,0x00000000ec400000)
  from space 4096K, 99% used [0x00000000ec400000,0x00000000ec7ff0f0,0x00000000ec800000)
  to   space 4096K, 0% used [0x00000000ec800000,0x00000000ec800000,0x00000000ecc00000)
 ParOldGen       total 68608K, used 3716K [0x00000000c0000000, 0x00000000c4300000, 0x00000000eab00000)
  object space 68608K, 5% used [0x00000000c0000000,0x00000000c03a12d8,0x00000000c4300000)
 Metaspace       used 21022K, committed 21504K, reserved 1073152K
  class space    used 2136K, committed 2368K, reserved 1048576K
}
Event: 6.724 GC heap after
{Heap after GC invocations=4 (full 0):
 PSYoungGen      total 29696K, used 4090K [0x00000000eab00000, 0x00000000ecc00000, 0x0000000100000000)
  eden space 25600K, 0% used [0x00000000eab00000,0x00000000eab00000,0x00000000ec400000)
  from space 4096K, 99% used [0x00000000ec800000,0x00000000ecbfeae0,0x00000000ecc00000)
  to   space 4096K, 0% used [0x00000000ec400000,0x00000000ec400000,0x00000000ec800000)
 ParOldGen       total 68608K, used 3972K [0x00000000c0000000, 0x00000000c4300000, 0x00000000eab00000)
  object space 68608K, 5% used [0x00000000c0000000,0x00000000c03e12e8,0x00000000c4300000)
 Metaspace       used 21022K, committed 21504K, reserved 1073152K
  class space    used 2136K, committed 2368K, reserved 1048576K
}
Event: 6.724 GC heap before
{Heap before GC invocations=5 (full 1):
 PSYoungGen      total 29696K, used 4090K [0x00000000eab00000, 0x00000000ecc00000, 0x0000000100000000)
  eden space 25600K, 0% used [0x00000000eab00000,0x00000000eab00000,0x00000000ec400000)
  from space 4096K, 99% used [0x00000000ec800000,0x00000000ecbfeae0,0x00000000ecc00000)
  to   space 4096K, 0% used [0x00000000ec400000,0x00000000ec400000,0x00000000ec800000)
 ParOldGen       total 68608K, used 3972K [0x00000000c0000000, 0x00000000c4300000, 0x00000000eab00000)
  object space 68608K, 5% used [0x00000000c0000000,0x00000000c03e12e8,0x00000000c4300000)
 Metaspace       used 21022K, committed 21504K, reserved 1073152K
  class space    used 2136K, committed 2368K, reserved 1048576K
}
Event: 6.773 GC heap after
{Heap after GC invocations=5 (full 1):
 PSYoungGen      total 29696K, used 0K [0x00000000eab00000, 0x00000000ecc00000, 0x0000000100000000)
  eden space 25600K, 0% used [0x00000000eab00000,0x00000000eab00000,0x00000000ec400000)
  from space 4096K, 0% used [0x00000000ec800000,0x00000000ec800000,0x00000000ecc00000)
  to   space 4096K, 0% used [0x00000000ec400000,0x00000000ec400000,0x00000000ec800000)
 ParOldGen       total 68608K, used 7911K [0x00000000c0000000, 0x00000000c4300000, 0x00000000eab00000)
  object space 68608K, 11% used [0x00000000c0000000,0x00000000c07b9d38,0x00000000c4300000)
 Metaspace       used 21009K, committed 21504K, reserved 1073152K
  class space    used 2132K, committed 2368K, reserved 1048576K
}
Event: 7.714 GC heap before
{Heap before GC invocations=6 (full 1):
 PSYoungGen      total 29696K, used 25600K [0x00000000eab00000, 0x00000000ecc00000, 0x0000000100000000)
  eden space 25600K, 100% used [0x00000000eab00000,0x00000000ec400000,0x00000000ec400000)
  from space 4096K, 0% used [0x00000000ec800000,0x00000000ec800000,0x00000000ecc00000)
  to   space 4096K, 0% used [0x00000000ec400000,0x00000000ec400000,0x00000000ec800000)
 ParOldGen       total 68608K, used 7911K [0x00000000c0000000, 0x00000000c4300000, 0x00000000eab00000)
  object space 68608K, 11% used [0x00000000c0000000,0x00000000c07b9d38,0x00000000c4300000)
 Metaspace       used 24217K, committed 24704K, reserved 1073152K
  class space    used 2471K, committed 2688K, reserved 1048576K
}
Event: 7.718 GC heap after
{Heap after GC invocations=6 (full 1):
 PSYoungGen      total 28160K, used 3033K [0x00000000eab00000, 0x00000000ecb80000, 0x0000000100000000)
  eden space 25088K, 0% used [0x00000000eab00000,0x00000000eab00000,0x00000000ec380000)
  from space 3072K, 98% used [0x00000000ec400000,0x00000000ec6f6570,0x00000000ec700000)
  to   space 4096K, 0% used [0x00000000ec780000,0x00000000ec780000,0x00000000ecb80000)
 ParOldGen       total 68608K, used 7919K [0x00000000c0000000, 0x00000000c4300000, 0x00000000eab00000)
  object space 68608K, 11% used [0x00000000c0000000,0x00000000c07bbd38,0x00000000c4300000)
 Metaspace       used 24217K, committed 24704K, reserved 1073152K
  class space    used 2471K, committed 2688K, reserved 1048576K
}
Event: 8.580 GC heap before
{Heap before GC invocations=7 (full 1):
 PSYoungGen      total 28160K, used 28121K [0x00000000eab00000, 0x00000000ecb80000, 0x0000000100000000)
  eden space 25088K, 100% used [0x00000000eab00000,0x00000000ec380000,0x00000000ec380000)
  from space 3072K, 98% used [0x00000000ec400000,0x00000000ec6f6570,0x00000000ec700000)
  to   space 4096K, 0% used [0x00000000ec780000,0x00000000ec780000,0x00000000ecb80000)
 ParOldGen       total 68608K, used 7919K [0x00000000c0000000, 0x00000000c4300000, 0x00000000eab00000)
  object space 68608K, 11% used [0x00000000c0000000,0x00000000c07bbd38,0x00000000c4300000)
 Metaspace       used 27755K, committed 28352K, reserved 1081344K
  class space    used 2728K, committed 3008K, reserved 1048576K
}
Event: 8.583 GC heap after
{Heap after GC invocations=7 (full 1):
 PSYoungGen      total 26624K, used 1826K [0x00000000eab00000, 0x00000000ec980000, 0x0000000100000000)
  eden space 24576K, 0% used [0x00000000eab00000,0x00000000eab00000,0x00000000ec300000)
  from space 2048K, 89% used [0x00000000ec780000,0x00000000ec948aa8,0x00000000ec980000)
  to   space 2560K, 0% used [0x00000000ec480000,0x00000000ec480000,0x00000000ec700000)
 ParOldGen       total 68608K, used 7919K [0x00000000c0000000, 0x00000000c4300000, 0x00000000eab00000)
  object space 68608K, 11% used [0x00000000c0000000,0x00000000c07bbd38,0x00000000c4300000)
 Metaspace       used 27755K, committed 28352K, reserved 1081344K
  class space    used 2728K, committed 3008K, reserved 1048576K
}
Event: 9.720 GC heap before
{Heap before GC invocations=8 (full 1):
 PSYoungGen      total 26624K, used 26393K [0x00000000eab00000, 0x00000000ec980000, 0x0000000100000000)
  eden space 24576K, 99% used [0x00000000eab00000,0x00000000ec2fda60,0x00000000ec300000)
  from space 2048K, 89% used [0x00000000ec780000,0x00000000ec948aa8,0x00000000ec980000)
  to   space 2560K, 0% used [0x00000000ec480000,0x00000000ec480000,0x00000000ec700000)
 ParOldGen       total 68608K, used 7919K [0x00000000c0000000, 0x00000000c4300000, 0x00000000eab00000)
  object space 68608K, 11% used [0x00000000c0000000,0x00000000c07bbd38,0x00000000c4300000)
 Metaspace       used 30706K, committed 31296K, reserved 1081344K
  class space    used 3036K, committed 3328K, reserved 1048576K
}
Event: 9.725 GC heap after
{Heap after GC invocations=8 (full 1):
 PSYoungGen      total 26624K, used 2539K [0x00000000eab00000, 0x00000000ec880000, 0x0000000100000000)
  eden space 24064K, 0% used [0x00000000eab00000,0x00000000eab00000,0x00000000ec280000)
  from space 2560K, 99% used [0x00000000ec480000,0x00000000ec6face0,0x00000000ec700000)
  to   space 1536K, 0% used [0x00000000ec700000,0x00000000ec700000,0x00000000ec880000)
 ParOldGen       total 68608K, used 8231K [0x00000000c0000000, 0x00000000c4300000, 0x00000000eab00000)
  object space 68608K, 11% used [0x00000000c0000000,0x00000000c0809d38,0x00000000c4300000)
 Metaspace       used 30706K, committed 31296K, reserved 1081344K
  class space    used 3036K, committed 3328K, reserved 1048576K
}
Event: 11.133 GC heap before
{Heap before GC invocations=9 (full 1):
 PSYoungGen      total 26624K, used 26603K [0x00000000eab00000, 0x00000000ec880000, 0x0000000100000000)
  eden space 24064K, 100% used [0x00000000eab00000,0x00000000ec280000,0x00000000ec280000)
  from space 2560K, 99% used [0x00000000ec480000,0x00000000ec6face0,0x00000000ec700000)
  to   space 1536K, 0% used [0x00000000ec700000,0x00000000ec700000,0x00000000ec880000)
 ParOldGen       total 68608K, used 8231K [0x00000000c0000000, 0x00000000c4300000, 0x00000000eab00000)
  object space 68608K, 11% used [0x00000000c0000000,0x00000000c0809d38,0x00000000c4300000)
 Metaspace       used 33969K, committed 34560K, reserved 1081344K
  class space    used 3472K, committed 3776K, reserved 1048576K
}
Event: 11.144 GC heap after
{Heap after GC invocations=9 (full 1):
 PSYoungGen      total 25088K, used 1524K [0x00000000eab00000, 0x00000000eca00000, 0x0000000100000000)
  eden space 23552K, 0% used [0x00000000eab00000,0x00000000eab00000,0x00000000ec200000)
  from space 1536K, 99% used [0x00000000ec700000,0x00000000ec87d290,0x00000000ec880000)
  to   space 4096K, 0% used [0x00000000ec200000,0x00000000ec200000,0x00000000ec600000)
 ParOldGen       total 68608K, used 10244K [0x00000000c0000000, 0x00000000c4300000, 0x00000000eab00000)
  object space 68608K, 14% used [0x00000000c0000000,0x00000000c0a01070,0x00000000c4300000)
 Metaspace       used 33969K, committed 34560K, reserved 1081344K
  class space    used 3472K, committed 3776K, reserved 1048576K
}
Event: 11.603 GC heap before
{Heap before GC invocations=10 (full 1):
 PSYoungGen      total 25088K, used 12088K [0x00000000eab00000, 0x00000000eca00000, 0x0000000100000000)
  eden space 23552K, 44% used [0x00000000eab00000,0x00000000eb551128,0x00000000ec200000)
  from space 1536K, 99% used [0x00000000ec700000,0x00000000ec87d290,0x00000000ec880000)
  to   space 4096K, 0% used [0x00000000ec200000,0x00000000ec200000,0x00000000ec600000)
 ParOldGen       total 68608K, used 10244K [0x00000000c0000000, 0x00000000c4300000, 0x00000000eab00000)
  object space 68608K, 14% used [0x00000000c0000000,0x00000000c0a01070,0x00000000c4300000)
 Metaspace       used 35274K, committed 35840K, reserved 1081344K
  class space    used 3622K, committed 3904K, reserved 1048576K
}
Event: 11.607 GC heap after
{Heap after GC invocations=10 (full 1):
 PSYoungGen      total 24576K, used 946K [0x00000000eab00000, 0x00000000ec780000, 0x0000000100000000)
  eden space 23552K, 0% used [0x00000000eab00000,0x00000000eab00000,0x00000000ec200000)
  from space 1024K, 92% used [0x00000000ec200000,0x00000000ec2ec910,0x00000000ec300000)
  to   space 2048K, 0% used [0x00000000ec580000,0x00000000ec580000,0x00000000ec780000)
 ParOldGen       total 68608K, used 11252K [0x00000000c0000000, 0x00000000c4300000, 0x00000000eab00000)
  object space 68608K, 16% used [0x00000000c0000000,0x00000000c0afd078,0x00000000c4300000)
 Metaspace       used 35274K, committed 35840K, reserved 1081344K
  class space    used 3622K, committed 3904K, reserved 1048576K
}
Event: 11.607 GC heap before
{Heap before GC invocations=11 (full 2):
 PSYoungGen      total 24576K, used 946K [0x00000000eab00000, 0x00000000ec780000, 0x0000000100000000)
  eden space 23552K, 0% used [0x00000000eab00000,0x00000000eab00000,0x00000000ec200000)
  from space 1024K, 92% used [0x00000000ec200000,0x00000000ec2ec910,0x00000000ec300000)
  to   space 2048K, 0% used [0x00000000ec580000,0x00000000ec580000,0x00000000ec780000)
 ParOldGen       total 68608K, used 11252K [0x00000000c0000000, 0x00000000c4300000, 0x00000000eab00000)
  object space 68608K, 16% used [0x00000000c0000000,0x00000000c0afd078,0x00000000c4300000)
 Metaspace       used 35274K, committed 35840K, reserved 1081344K
  class space    used 3622K, committed 3904K, reserved 1048576K
}
Event: 11.674 GC heap after
{Heap after GC invocations=11 (full 2):
 PSYoungGen      total 24576K, used 0K [0x00000000eab00000, 0x00000000ec780000, 0x0000000100000000)
  eden space 23552K, 0% used [0x00000000eab00000,0x00000000eab00000,0x00000000ec200000)
  from space 1024K, 0% used [0x00000000ec200000,0x00000000ec200000,0x00000000ec300000)
  to   space 2048K, 0% used [0x00000000ec580000,0x00000000ec580000,0x00000000ec780000)
 ParOldGen       total 68608K, used 11945K [0x00000000c0000000, 0x00000000c4300000, 0x00000000eab00000)
  object space 68608K, 17% used [0x00000000c0000000,0x00000000c0baa5d0,0x00000000c4300000)
 Metaspace       used 35274K, committed 35840K, reserved 1081344K
  class space    used 3622K, committed 3904K, reserved 1048576K
}
Event: 12.797 GC heap before
{Heap before GC invocations=12 (full 2):
 PSYoungGen      total 24576K, used 23552K [0x00000000eab00000, 0x00000000ec780000, 0x0000000100000000)
  eden space 23552K, 100% used [0x00000000eab00000,0x00000000ec200000,0x00000000ec200000)
  from space 1024K, 0% used [0x00000000ec200000,0x00000000ec200000,0x00000000ec300000)
  to   space 2048K, 0% used [0x00000000ec580000,0x00000000ec580000,0x00000000ec780000)
 ParOldGen       total 68608K, used 11945K [0x00000000c0000000, 0x00000000c4300000, 0x00000000eab00000)
  object space 68608K, 17% used [0x00000000c0000000,0x00000000c0baa5d0,0x00000000c4300000)
 Metaspace       used 38484K, committed 39104K, reserved 1089536K
  class space    used 4036K, committed 4352K, reserved 1048576K
}
Event: 12.801 GC heap after
{Heap after GC invocations=12 (full 2):
 PSYoungGen      total 24576K, used 1138K [0x00000000eab00000, 0x00000000ec700000, 0x0000000100000000)
  eden space 23040K, 0% used [0x00000000eab00000,0x00000000eab00000,0x00000000ec180000)
  from space 1536K, 74% used [0x00000000ec580000,0x00000000ec69c8a0,0x00000000ec700000)
  to   space 1536K, 0% used [0x00000000ec400000,0x00000000ec400000,0x00000000ec580000)
 ParOldGen       total 68608K, used 11953K [0x00000000c0000000, 0x00000000c4300000, 0x00000000eab00000)
  object space 68608K, 17% used [0x00000000c0000000,0x00000000c0bac5d0,0x00000000c4300000)
 Metaspace       used 38484K, committed 39104K, reserved 1089536K
  class space    used 4036K, committed 4352K, reserved 1048576K
}
Event: 13.813 GC heap before
{Heap before GC invocations=13 (full 2):
 PSYoungGen      total 24576K, used 24178K [0x00000000eab00000, 0x00000000ec700000, 0x0000000100000000)
  eden space 23040K, 100% used [0x00000000eab00000,0x00000000ec180000,0x00000000ec180000)
  from space 1536K, 74% used [0x00000000ec580000,0x00000000ec69c8a0,0x00000000ec700000)
  to   space 1536K, 0% used [0x00000000ec400000,0x00000000ec400000,0x00000000ec580000)
 ParOldGen       total 68608K, used 11953K [0x00000000c0000000, 0x00000000c4300000, 0x00000000eab00000)
  object space 68608K, 17% used [0x00000000c0000000,0x00000000c0bac5d0,0x00000000c4300000)
 Metaspace       used 41492K, committed 42240K, reserved 1089536K
  class space    used 4443K, committed 4800K, reserved 1048576K
}
Event: 13.822 GC heap after
{Heap after GC invocations=13 (full 2):
 PSYoungGen      total 24064K, used 1484K [0x00000000eab00000, 0x00000000ec600000, 0x0000000100000000)
  eden space 22528K, 0% used [0x00000000eab00000,0x00000000eab00000,0x00000000ec100000)
  from space 1536K, 96% used [0x00000000ec400000,0x00000000ec573270,0x00000000ec580000)
  to   space 512K, 0% used [0x00000000ec580000,0x00000000ec580000,0x00000000ec600000)
 ParOldGen       total 68608K, used 13016K [0x00000000c0000000, 0x00000000c4300000, 0x00000000eab00000)
  object space 68608K, 18% used [0x00000000c0000000,0x00000000c0cb6290,0x00000000c4300000)
 Metaspace       used 41492K, committed 42240K, reserved 1089536K
  class space    used 4443K, committed 4800K, reserved 1048576K
}

Dll operation events (10 events):
Event: 0.019 Loaded shared library c:\Users\HP\.vscode\extensions\redhat.java-1.13.0-win32-x64\jre\17.0.5-win32-x86_64\bin\java.dll
Event: 0.763 Loaded shared library c:\Users\HP\.vscode\extensions\redhat.java-1.13.0-win32-x64\jre\17.0.5-win32-x86_64\bin\zip.dll
Event: 0.768 Loaded shared library C:\Users\HP\.vscode\extensions\redhat.java-1.13.0-win32-x64\jre\17.0.5-win32-x86_64\bin\instrument.dll
Event: 0.809 Loaded shared library C:\Users\HP\.vscode\extensions\redhat.java-1.13.0-win32-x64\jre\17.0.5-win32-x86_64\bin\net.dll
Event: 0.812 Loaded shared library C:\Users\HP\.vscode\extensions\redhat.java-1.13.0-win32-x64\jre\17.0.5-win32-x86_64\bin\nio.dll
Event: 0.854 Loaded shared library C:\Users\HP\.vscode\extensions\redhat.java-1.13.0-win32-x64\jre\17.0.5-win32-x86_64\bin\zip.dll
Event: 1.011 Loaded shared library C:\Users\HP\.vscode\extensions\redhat.java-1.13.0-win32-x64\jre\17.0.5-win32-x86_64\bin\jimage.dll
Event: 1.238 Loaded shared library c:\Users\HP\.vscode\extensions\redhat.java-1.13.0-win32-x64\jre\17.0.5-win32-x86_64\bin\verify.dll
Event: 4.704 Loaded shared library C:\Users\HP\AppData\Roaming\Code\User\globalStorage\redhat.java\1.13.0\config_win\org.eclipse.equinox.launcher\org.eclipse.equinox.launcher.win32.win32.x86_64_1.2.600.v20220720-1916\eclipse_11700.dll
Event: 11.573 Loaded shared library C:\Users\HP\AppData\Local\Temp\jna-2312\jna2740020436828450931.dll

Deoptimization events (20 events):
Event: 11.750 Thread 0x00000206cde1a4e0 Uncommon trap: trap_request=0xffffff76 fr.pc=0x00000206c1cd6170 relative=0x00000000000006b0
Event: 11.750 Thread 0x00000206cde1a4e0 Uncommon trap: reason=predicate action=maybe_recompile pc=0x00000206c1cd6170 method=java.util.TreeMap.getEntryUsingComparator(Ljava/lang/Object;)Ljava/util/TreeMap$Entry; @ 19 c2
Event: 11.750 Thread 0x00000206cde1a4e0 DEOPT PACKING pc=0x00000206c1cd6170 sp=0x0000007b8e4fc970
Event: 11.750 Thread 0x00000206cde1a4e0 DEOPT UNPACKING pc=0x00000206ba0e20a3 sp=0x0000007b8e4fc890 mode 2
Event: 11.969 Thread 0x00000206b5c0a5d0 Uncommon trap: trap_request=0xffffff76 fr.pc=0x00000206c1cc9a1c relative=0x000000000000065c
Event: 11.969 Thread 0x00000206b5c0a5d0 Uncommon trap: reason=predicate action=maybe_recompile pc=0x00000206c1cc9a1c method=java.util.TreeMap.getEntryUsingComparator(Ljava/lang/Object;)Ljava/util/TreeMap$Entry; @ 19 c2
Event: 11.969 Thread 0x00000206b5c0a5d0 DEOPT PACKING pc=0x00000206c1cc9a1c sp=0x0000007b8cefe3f0
Event: 11.973 Thread 0x00000206b5c0a5d0 DEOPT UNPACKING pc=0x00000206ba0e20a3 sp=0x0000007b8cefe3a0 mode 2
Event: 12.057 Thread 0x00000206b5c0a5d0 Uncommon trap: trap_request=0xffffff45 fr.pc=0x00000206c1c84cbc relative=0x00000000000012dc
Event: 12.057 Thread 0x00000206b5c0a5d0 Uncommon trap: reason=unstable_if action=reinterpret pc=0x00000206c1c84cbc method=java.util.Properties.loadConvert([CIILjava/lang/StringBuilder;)Ljava/lang/String; @ 477 c2
Event: 12.057 Thread 0x00000206b5c0a5d0 DEOPT PACKING pc=0x00000206c1c84cbc sp=0x0000007b8cef9540
Event: 12.057 Thread 0x00000206b5c0a5d0 DEOPT UNPACKING pc=0x00000206ba0e20a3 sp=0x0000007b8cef9530 mode 2
Event: 13.398 Thread 0x00000206b5c0a5d0 Uncommon trap: trap_request=0xffffff45 fr.pc=0x00000206c1cf9c38 relative=0x0000000000006778
Event: 13.398 Thread 0x00000206b5c0a5d0 Uncommon trap: reason=unstable_if action=reinterpret pc=0x00000206c1cf9c38 method=jdk.internal.org.objectweb.asm.Frame.execute(IILjdk/internal/org/objectweb/asm/Symbol;Ljdk/internal/org/objectweb/asm/SymbolTable;)V @ 1 c2
Event: 13.398 Thread 0x00000206b5c0a5d0 DEOPT PACKING pc=0x00000206c1cf9c38 sp=0x0000007b8cefdd30
Event: 13.398 Thread 0x00000206b5c0a5d0 DEOPT UNPACKING pc=0x00000206ba0e20a3 sp=0x0000007b8cefdcd8 mode 2
Event: 13.782 Thread 0x00000206ceb58ef0 Uncommon trap: trap_request=0xffffff45 fr.pc=0x00000206c1ccf570 relative=0x00000000000005b0
Event: 13.782 Thread 0x00000206ceb58ef0 Uncommon trap: reason=unstable_if action=reinterpret pc=0x00000206c1ccf570 method=java.util.TreeMap.put(Ljava/lang/Object;Ljava/lang/Object;Z)Ljava/lang/Object; @ 27 c2
Event: 13.782 Thread 0x00000206ceb58ef0 DEOPT PACKING pc=0x00000206c1ccf570 sp=0x0000007b8e2fd980
Event: 13.782 Thread 0x00000206ceb58ef0 DEOPT UNPACKING pc=0x00000206ba0e20a3 sp=0x0000007b8e2fd898 mode 2

Classes unloaded (7 events):
Event: 6.732 Thread 0x00000206cb956ea0 Unloading class 0x000000010021a400 'java/lang/invoke/LambdaForm$MH+0x000000010021a400'
Event: 6.732 Thread 0x00000206cb956ea0 Unloading class 0x000000010021a000 'java/lang/invoke/LambdaForm$MH+0x000000010021a000'
Event: 6.732 Thread 0x00000206cb956ea0 Unloading class 0x0000000100219c00 'java/lang/invoke/LambdaForm$MH+0x0000000100219c00'
Event: 6.732 Thread 0x00000206cb956ea0 Unloading class 0x0000000100219400 'java/lang/invoke/LambdaForm$MH+0x0000000100219400'
Event: 6.732 Thread 0x00000206cb956ea0 Unloading class 0x0000000100219000 'java/lang/invoke/LambdaForm$BMH+0x0000000100219000'
Event: 6.732 Thread 0x00000206cb956ea0 Unloading class 0x0000000100218c00 'java/lang/invoke/LambdaForm$DMH+0x0000000100218c00'
Event: 6.732 Thread 0x00000206cb956ea0 Unloading class 0x0000000100216000 'java/lang/invoke/LambdaForm$DMH+0x0000000100216000'

Classes redefined (0 events):
No events

Internal exceptions (20 events):
Event: 9.357 Thread 0x00000206cde1a4e0 Exception <a 'java/lang/ClassNotFoundException'{0x00000000ebdbc1d8}: com/sun/org/apache/xerces/internal/impl/msg/spi/DOMMessagesProvider> (0x00000000ebdbc1d8) 
thrown [s\src\hotspot\share\classfile\systemDictionary.cpp, line 256]
Event: 9.365 Thread 0x00000206cde1a4e0 Exception <a 'java/lang/ClassNotFoundException'{0x00000000ebdd7e18}: com/sun/org/apache/xerces/internal/impl/msg/spi/XMLSerializerMessagesProvider> (0x00000000ebdd7e18) 
thrown [s\src\hotspot\share\classfile\systemDictionary.cpp, line 256]
Event: 9.368 Thread 0x00000206cde1a4e0 Exception <a 'java/lang/ClassNotFoundException'{0x00000000ebde50a0}: com/sun/org/apache/xerces/internal/impl/msg/spi/XMLMessagesProvider> (0x00000000ebde50a0) 
thrown [s\src\hotspot\share\classfile\systemDictionary.cpp, line 256]
Event: 9.596 Thread 0x00000206cde1a4e0 Exception <a 'sun/nio/fs/WindowsException'{0x00000000ebfb8688}> (0x00000000ebfb8688) 
thrown [s\src\hotspot\share\prims\jni.cpp, line 516]
Event: 9.817 Thread 0x00000206cde1a4e0 Exception <a 'java/lang/NoSuchMethodError'{0x00000000eae7aaa0}: 'java.lang.Object java.lang.invoke.DirectMethodHandle$Holder.invokeStaticInit(java.lang.Object, int, int, int, int)'> (0x00000000eae7aaa0) 
thrown [s\src\hotspot\share\interpreter\linkResolver.cpp, line 759]
Event: 10.167 Thread 0x00000206cde1a4e0 Exception <a 'java/lang/NoSuchMethodError'{0x00000000eb3bd390}: 'java.lang.Object java.lang.invoke.DirectMethodHandle$Holder.invokeStaticInit(java.lang.Object, java.lang.Object, int, int, int, int)'> (0x00000000eb3bd390) 
thrown [s\src\hotspot\share\interpreter\linkResolver.cpp, line 759]
Event: 10.281 Thread 0x00000206ceabdb70 Exception <a 'java/lang/NoClassDefFoundError'{0x00000000eb672df8}: javax/enterprise/inject/Typed> (0x00000000eb672df8) 
thrown [s\src\hotspot\share\classfile\systemDictionary.cpp, line 245]
Event: 10.807 Thread 0x00000206cde1a4e0 Exception <a 'java/lang/ClassNotFoundException'{0x00000000ebaeb100}: com/sun/org/apache/xml/internal/serializer/spi/XMLEntitiesProvider> (0x00000000ebaeb100) 
thrown [s\src\hotspot\share\classfile\systemDictionary.cpp, line 256]
Event: 11.306 Thread 0x00000206cde1a4e0 Exception <a 'java/io/FileNotFoundException'{0x00000000eadf1360}> (0x00000000eadf1360) 
thrown [s\src\hotspot\share\prims\jni.cpp, line 516]
Event: 11.727 Thread 0x00000206cde1a4e0 Exception <a 'java/lang/UnsatisfiedLinkError'{0x00000000ead804a0}: The specified procedure could not be found.
> (0x00000000ead804a0) 
thrown [s\src\hotspot\share\prims\jni.cpp, line 535]
Event: 11.739 Thread 0x00000206cde1a4e0 Exception <a 'java/io/FileNotFoundException'{0x00000000eadd4bc0}> (0x00000000eadd4bc0) 
thrown [s\src\hotspot\share\prims\jni.cpp, line 516]
Event: 11.816 Thread 0x00000206cde1a4e0 Exception <a 'java/io/FileNotFoundException'{0x00000000eae6e9f8}> (0x00000000eae6e9f8) 
thrown [s\src\hotspot\share\prims\jni.cpp, line 516]
Event: 11.859 Thread 0x00000206cde1a4e0 Exception <a 'java/lang/UnsatisfiedLinkError'{0x00000000eaf9ff90}: The specified procedure could not be found.
> (0x00000000eaf9ff90) 
thrown [s\src\hotspot\share\prims\jni.cpp, line 535]
Event: 12.196 Thread 0x00000206b5c0a5d0 Exception <a 'java/lang/NoSuchMethodError'{0x00000000eb790168}: 'java.lang.Object java.lang.invoke.DirectMethodHandle$Holder.invokeStatic(java.lang.Object, java.lang.Object, long, java.lang.Object)'> (0x00000000eb790168) 
thrown [s\src\hotspot\share\interpreter\linkResolver.cpp, line 759]
Event: 12.197 Thread 0x00000206b5c0a5d0 Exception <a 'java/lang/NoSuchMethodError'{0x00000000eb793c00}: 'java.lang.Object java.lang.invoke.DirectMethodHandle$Holder.invokeStaticInit(java.lang.Object, java.lang.Object, long, java.lang.Object)'> (0x00000000eb793c00) 
thrown [s\src\hotspot\share\interpreter\linkResolver.cpp, line 759]
Event: 12.199 Thread 0x00000206b5c0a5d0 Exception <a 'java/lang/NoSuchMethodError'{0x00000000eb7ef9d0}: 'java.lang.Object java.lang.invoke.DirectMethodHandle$Holder.newInvokeSpecial(java.lang.Object, java.lang.Object, long)'> (0x00000000eb7ef9d0) 
thrown [s\src\hotspot\share\interpreter\linkResolver.cpp, line 759]
Event: 12.211 Thread 0x00000206b5c0a5d0 Exception <a 'java/lang/NoSuchMethodError'{0x00000000eb7f3540}: 'java.lang.Object java.lang.invoke.Invokers$Holder.linkToTargetMethod(java.lang.Object, long, java.lang.Object)'> (0x00000000eb7f3540) 
thrown [s\src\hotspot\share\interpreter\linkResolver.cpp, line 759]
Event: 12.578 Thread 0x00000206b5c0a5d0 Exception <a 'java/lang/NoSuchMethodError'{0x00000000ebc2b3e0}: 'void java.lang.invoke.DirectMethodHandle$Holder.invokeStatic(java.lang.Object, java.lang.Object, java.lang.Object, java.lang.Object)'> (0x00000000ebc2b3e0) 
thrown [s\src\hotspot\share\interpreter\linkResolver.cpp, line 759]
Event: 13.330 Thread 0x00000206b5c0a5d0 Exception <a 'java/lang/NoSuchMethodError'{0x00000000eb559208}: 'void java.lang.invoke.DirectMethodHandle$Holder.invokeSpecial(java.lang.Object, java.lang.Object, java.lang.Object, java.lang.Object, java.lang.Object, java.lang.Object)'> (0x00000000eb559208) 
thrown [s\src\hotspot\share\interpreter\linkResolver.cpp, line 759]
Event: 13.680 Thread 0x00000206ceb58ef0 Exception <a 'java/io/FileNotFoundException'{0x00000000ebf465e8}> (0x00000000ebf465e8) 
thrown [s\src\hotspot\share\prims\jni.cpp, line 516]

VM Operations (20 events):
Event: 10.982 Executing VM operation: Cleanup
Event: 10.984 Executing VM operation: Cleanup done
Event: 11.119 Executing VM operation: ParallelGCFailedAllocation
Event: 11.146 Executing VM operation: ParallelGCFailedAllocation done
Event: 11.603 Executing VM operation: CollectForMetadataAllocation
Event: 11.674 Executing VM operation: CollectForMetadataAllocation done
Event: 11.694 Executing VM operation: HandshakeAllThreads
Event: 11.694 Executing VM operation: HandshakeAllThreads done
Event: 11.984 Executing VM operation: HandshakeAllThreads
Event: 11.985 Executing VM operation: HandshakeAllThreads done
Event: 12.797 Executing VM operation: ParallelGCFailedAllocation
Event: 12.801 Executing VM operation: ParallelGCFailedAllocation done
Event: 13.150 Executing VM operation: HandshakeAllThreads
Event: 13.150 Executing VM operation: HandshakeAllThreads done
Event: 13.655 Executing VM operation: HandshakeAllThreads
Event: 13.655 Executing VM operation: HandshakeAllThreads done
Event: 13.660 Executing VM operation: HandshakeAllThreads
Event: 13.660 Executing VM operation: HandshakeAllThreads done
Event: 13.812 Executing VM operation: ParallelGCFailedAllocation
Event: 13.822 Executing VM operation: ParallelGCFailedAllocation done

Events (20 events):
Event: 12.915 loading class sun/reflect/generics/tree/BooleanSignature
Event: 12.915 loading class sun/reflect/generics/tree/BooleanSignature done
Event: 13.206 loading class javax/net/ssl/SSLSocketFactory
Event: 13.206 loading class javax/net/SocketFactory
Event: 13.207 loading class javax/net/SocketFactory done
Event: 13.207 loading class javax/net/ssl/SSLSocketFactory done
Event: 13.210 loading class java/util/concurrent/atomic/AtomicIntegerArray
Event: 13.212 loading class java/util/concurrent/atomic/AtomicIntegerArray done
Event: 13.219 loading class java/util/Currency
Event: 13.219 loading class java/util/Currency done
Event: 13.234 loading class java/util/concurrent/atomic/AtomicLongArray
Event: 13.235 loading class java/util/concurrent/atomic/AtomicLongArray done
Event: 13.359 loading class sun/reflect/generics/repository/FieldRepository
Event: 13.359 loading class sun/reflect/generics/repository/FieldRepository done
Event: 13.418 loading class sun/util/locale/provider/DateFormatProviderImpl
Event: 13.418 loading class sun/util/locale/provider/DateFormatProviderImpl done
Event: 13.434 Thread 0x00000206ceb58ef0 Thread added: 0x00000206ceb58ef0
Event: 13.508 loading class jdk/internal/reflect/UnsafeQualifiedIntegerFieldAccessorImpl
Event: 13.508 loading class jdk/internal/reflect/UnsafeQualifiedIntegerFieldAccessorImpl done
Event: 13.662 Thread 0x00000206cf0358b0 Thread added: 0x00000206cf0358b0


Dynamic libraries:
0x00007ff65e660000 - 0x00007ff65e66e000 	c:\Users\HP\.vscode\extensions\redhat.java-1.13.0-win32-x64\jre\17.0.5-win32-x86_64\bin\java.exe
0x00007fff71810000 - 0x00007fff71a08000 	C:\Windows\SYSTEM32\ntdll.dll
0x00007fff703a0000 - 0x00007fff7045f000 	C:\Windows\System32\KERNEL32.DLL
0x00007fff6f400000 - 0x00007fff6f6d2000 	C:\Windows\System32\KERNELBASE.dll
0x00007fff6f730000 - 0x00007fff6f830000 	C:\Windows\System32\ucrtbase.dll
0x00007fff4cc20000 - 0x00007fff4cc37000 	c:\Users\HP\.vscode\extensions\redhat.java-1.13.0-win32-x64\jre\17.0.5-win32-x86_64\bin\jli.dll
0x00007fff70150000 - 0x00007fff702ed000 	C:\Windows\System32\USER32.dll
0x00007fff6f3d0000 - 0x00007fff6f3f2000 	C:\Windows\System32\win32u.dll
0x00007fff705a0000 - 0x00007fff705cb000 	C:\Windows\System32\GDI32.dll
0x00007fff6f050000 - 0x00007fff6f15f000 	C:\Windows\System32\gdi32full.dll
0x00007fff6f1d0000 - 0x00007fff6f26d000 	C:\Windows\System32\msvcp_win.dll
0x00007fff4a9d0000 - 0x00007fff4a9e9000 	c:\Users\HP\.vscode\extensions\redhat.java-1.13.0-win32-x64\jre\17.0.5-win32-x86_64\bin\VCRUNTIME140.dll
0x00007fff4f500000 - 0x00007fff4f79a000 	C:\Windows\WinSxS\amd64_microsoft.windows.common-controls_6595b64144ccf1df_6.0.19041.1110_none_60b5254171f9507e\COMCTL32.dll
0x00007fff70300000 - 0x00007fff7039e000 	C:\Windows\System32\msvcrt.dll
0x00007fff70ba0000 - 0x00007fff70bd2000 	C:\Windows\System32\IMM32.DLL
0x00007fff64560000 - 0x00007fff6456c000 	c:\Users\HP\.vscode\extensions\redhat.java-1.13.0-win32-x64\jre\17.0.5-win32-x86_64\bin\vcruntime140_1.dll
0x00007ffefc6c0000 - 0x00007ffefc751000 	c:\Users\HP\.vscode\extensions\redhat.java-1.13.0-win32-x64\jre\17.0.5-win32-x86_64\bin\msvcp140.dll
0x00007ffefb430000 - 0x00007ffefc074000 	c:\Users\HP\.vscode\extensions\redhat.java-1.13.0-win32-x64\jre\17.0.5-win32-x86_64\bin\server\jvm.dll
0x00007fff70c50000 - 0x00007fff70cfe000 	C:\Windows\System32\ADVAPI32.dll
0x00007fff70a20000 - 0x00007fff70abc000 	C:\Windows\System32\sechost.dll
0x00007fff705d0000 - 0x00007fff706f5000 	C:\Windows\System32\RPCRT4.dll
0x00007fff5c100000 - 0x00007fff5c109000 	C:\Windows\SYSTEM32\WSOCK32.dll
0x00007fff70be0000 - 0x00007fff70c4b000 	C:\Windows\System32\WS2_32.dll
0x00007fff4f390000 - 0x00007fff4f3b7000 	C:\Windows\SYSTEM32\WINMM.dll
0x00007fff65bf0000 - 0x00007fff65bfa000 	C:\Windows\SYSTEM32\VERSION.dll
0x00007fff6d750000 - 0x00007fff6d762000 	C:\Windows\SYSTEM32\kernel.appcore.dll
0x00007fff5c480000 - 0x00007fff5c48a000 	c:\Users\HP\.vscode\extensions\redhat.java-1.13.0-win32-x64\jre\17.0.5-win32-x86_64\bin\jimage.dll
0x00007fff6cd60000 - 0x00007fff6cf44000 	C:\Windows\SYSTEM32\DBGHELP.DLL
0x00007fff59bf0000 - 0x00007fff59c1c000 	C:\Windows\SYSTEM32\dbgcore.DLL
0x00007fff6ef10000 - 0x00007fff6ef92000 	C:\Windows\System32\bcryptPrimitives.dll
0x00007fff4dbf0000 - 0x00007fff4dbfe000 	c:\Users\HP\.vscode\extensions\redhat.java-1.13.0-win32-x64\jre\17.0.5-win32-x86_64\bin\instrument.dll
0x00007fff41170000 - 0x00007fff41195000 	c:\Users\HP\.vscode\extensions\redhat.java-1.13.0-win32-x64\jre\17.0.5-win32-x86_64\bin\java.dll
0x00007fff48a90000 - 0x00007fff48aa8000 	c:\Users\HP\.vscode\extensions\redhat.java-1.13.0-win32-x64\jre\17.0.5-win32-x86_64\bin\zip.dll
0x00007fff6f930000 - 0x00007fff70073000 	C:\Windows\System32\SHELL32.dll
0x00007fff6cf50000 - 0x00007fff6d6e2000 	C:\Windows\SYSTEM32\windows.storage.dll
0x00007fff70e40000 - 0x00007fff71194000 	C:\Windows\System32\combase.dll
0x00007fff6e7b0000 - 0x00007fff6e7e0000 	C:\Windows\SYSTEM32\Wldp.dll
0x00007fff704f0000 - 0x00007fff7059d000 	C:\Windows\System32\SHCORE.dll
0x00007fff708a0000 - 0x00007fff708f5000 	C:\Windows\System32\shlwapi.dll
0x00007fff6ee50000 - 0x00007fff6ee6f000 	C:\Windows\SYSTEM32\profapi.dll
0x00007fff469a0000 - 0x00007fff469b9000 	C:\Users\HP\.vscode\extensions\redhat.java-1.13.0-win32-x64\jre\17.0.5-win32-x86_64\bin\net.dll
0x00007fff61a50000 - 0x00007fff61b5c000 	C:\Windows\SYSTEM32\WINHTTP.dll
0x00007fff6e590000 - 0x00007fff6e5fa000 	C:\Windows\system32\mswsock.dll
0x00007fff41860000 - 0x00007fff41875000 	C:\Users\HP\.vscode\extensions\redhat.java-1.13.0-win32-x64\jre\17.0.5-win32-x86_64\bin\nio.dll
0x00007fff4d7d0000 - 0x00007fff4d7e0000 	c:\Users\HP\.vscode\extensions\redhat.java-1.13.0-win32-x64\jre\17.0.5-win32-x86_64\bin\verify.dll
0x00007fff40f90000 - 0x00007fff40fce000 	C:\Users\HP\AppData\Roaming\Code\User\globalStorage\redhat.java\1.13.0\config_win\org.eclipse.equinox.launcher\org.eclipse.equinox.launcher.win32.win32.x86_64_1.2.600.v20220720-1916\eclipse_11700.dll
0x00007fff70d00000 - 0x00007fff70e2a000 	C:\Windows\System32\ole32.dll
0x00007fff6e860000 - 0x00007fff6e878000 	C:\Windows\SYSTEM32\CRYPTSP.dll
0x00007fff6ded0000 - 0x00007fff6df04000 	C:\Windows\system32\rsaenh.dll
0x00007fff6f830000 - 0x00007fff6f857000 	C:\Windows\System32\bcrypt.dll
0x00007fff6ee10000 - 0x00007fff6ee3e000 	C:\Windows\SYSTEM32\USERENV.dll
0x00007fff6e720000 - 0x00007fff6e72c000 	C:\Windows\SYSTEM32\CRYPTBASE.dll
0x00007fff6e2a0000 - 0x00007fff6e2db000 	C:\Windows\SYSTEM32\IPHLPAPI.DLL
0x00007fff70e30000 - 0x00007fff70e38000 	C:\Windows\System32\NSI.dll
0x00007fff64080000 - 0x00007fff64097000 	C:\Windows\SYSTEM32\dhcpcsvc6.DLL
0x00007fff63f70000 - 0x00007fff63f8d000 	C:\Windows\SYSTEM32\dhcpcsvc.DLL
0x00007fff6e2e0000 - 0x00007fff6e3aa000 	C:\Windows\SYSTEM32\DNSAPI.dll
0x00007fff410b0000 - 0x00007fff410f0000 	C:\Users\HP\AppData\Local\Temp\jna-2312\jna2740020436828450931.dll
0x00007fff711a0000 - 0x00007fff711a8000 	C:\Windows\System32\PSAPI.DLL

dbghelp: loaded successfully - version: 4.0.5 - missing functions: none
symbol engine: initialized successfully - sym options: 0x614 - pdb path: .;c:\Users\HP\.vscode\extensions\redhat.java-1.13.0-win32-x64\jre\17.0.5-win32-x86_64\bin;C:\Windows\SYSTEM32;C:\Windows\WinSxS\amd64_microsoft.windows.common-controls_6595b64144ccf1df_6.0.19041.1110_none_60b5254171f9507e;c:\Users\HP\.vscode\extensions\redhat.java-1.13.0-win32-x64\jre\17.0.5-win32-x86_64\bin\server;C:\Users\HP\AppData\Roaming\Code\User\globalStorage\redhat.java\1.13.0\config_win\org.eclipse.equinox.launcher\org.eclipse.equinox.launcher.win32.win32.x86_64_1.2.600.v20220720-1916;C:\Users\HP\AppData\Local\Temp\jna-2312

VM Arguments:
jvm_args: --add-modules=ALL-SYSTEM --add-opens=java.base/java.util=ALL-UNNAMED --add-opens=java.base/java.lang=ALL-UNNAMED --add-opens=java.base/sun.nio.fs=ALL-UNNAMED -Declipse.application=org.eclipse.jdt.ls.core.id1 -Dosgi.bundles.defaultStartLevel=4 -Declipse.product=org.eclipse.jdt.ls.core.product -Djava.import.generatesMetadataFilesAtProjectRoot=false -Dfile.encoding=utf8 -XX:+UseParallelGC -XX:GCTimeRatio=4 -XX:AdaptiveSizePolicyWeight=90 -Dsun.zip.disableMemoryMapping=true -Xmx1G -Xms100m -Xlog:disable -javaagent:c:\Users\HP\.vscode\extensions\redhat.java-1.13.0-win32-x64\lombok\lombok-1.18.24.jar -XX:+HeapDumpOnOutOfMemoryError -XX:HeapDumpPath=c:\Users\HP\AppData\Roaming\Code\User\workspaceStorage\f2350121a3b4cfbe1652b02ef9b2cb67\redhat.java 
java_command: c:\Users\HP\.vscode\extensions\redhat.java-1.13.0-win32-x64\server\plugins\org.eclipse.equinox.launcher_1.6.400.v20210924-0641.jar -configuration c:\Users\HP\AppData\Roaming\Code\User\globalStorage\redhat.java\1.13.0\config_win -data c:\Users\HP\AppData\Roaming\Code\User\workspaceStorage\f2350121a3b4cfbe1652b02ef9b2cb67\redhat.java\jdt_ws
java_class_path (initial): c:\Users\HP\.vscode\extensions\redhat.java-1.13.0-win32-x64\server\plugins\org.eclipse.equinox.launcher_1.6.400.v20210924-0641.jar
Launcher Type: SUN_STANDARD

[Global flags]
    uintx AdaptiveSizePolicyWeight                 = 90                                        {product} {command line}
     intx CICompilerCount                          = 3                                         {product} {ergonomic}
    uintx GCTimeRatio                              = 4                                         {product} {command line}
     bool HeapDumpOnOutOfMemoryError               = true                                   {manageable} {command line}
    ccstr HeapDumpPath                             = c:\Users\HP\AppData\Roaming\Code\User\workspaceStorage\f2350121a3b4cfbe1652b02ef9b2cb67\redhat.java         {manageable} {command line}
   size_t InitialHeapSize                          = 104857600                                 {product} {command line}
   size_t MaxHeapSize                              = 1073741824                                {product} {command line}
   size_t MaxNewSize                               = 357564416                                 {product} {ergonomic}
   size_t MinHeapDeltaBytes                        = 524288                                    {product} {ergonomic}
   size_t MinHeapSize                              = 104857600                                 {product} {command line}
   size_t NewSize                                  = 34603008                                  {product} {ergonomic}
    uintx NonNMethodCodeHeapSize                   = 5832780                                {pd product} {ergonomic}
    uintx NonProfiledCodeHeapSize                  = 122912730                              {pd product} {ergonomic}
   size_t OldSize                                  = 70254592                                  {product} {ergonomic}
    uintx ProfiledCodeHeapSize                     = 122912730                              {pd product} {ergonomic}
    uintx ReservedCodeCacheSize                    = 251658240                              {pd product} {ergonomic}
     bool SegmentedCodeCache                       = true                                      {product} {ergonomic}
   size_t SoftMaxHeapSize                          = 1073741824                             {manageable} {ergonomic}
     bool UseCompressedClassPointers               = true                           {product lp64_product} {ergonomic}
     bool UseCompressedOops                        = true                           {product lp64_product} {ergonomic}
     bool UseLargePagesIndividualAllocation        = false                                  {pd product} {ergonomic}
     bool UseParallelGC                            = true                                      {product} {command line}

Logging:
Log output configuration:
 #0: stdout all=off uptime,level,tags
 #1: stderr all=off uptime,level,tags

Environment Variables:
PATH=C:\Python310\Scripts\;C:\Python310\;C:\Windows\system32;C:\Windows;C:\Windows\System32\Wbem;C:\Windows\System32\WindowsPowerShell\v1.0\;C:\Windows\System32\OpenSSH\;C:\Program Files\Microsoft SQL Server\150\Tools\Binn\;C:\Program Files\Microsoft SQL Server\Client SDK\ODBC\170\Tools\Binn\;C:\Program Files\dotnet\;C:\Program Files (x86)\Microsoft SQL Server\150\Tools\Binn\;C:\Program Files\Microsoft SQL Server\150\DTS\Binn\;C:\Program Files\Azure Data Studio\bin;E:\Softwares and Drivers\;C:\ProgramData\chocolatey\bin;E:\Softwares and Drivers\Git\cmd;C:\Program Files\Docker\Docker\resources\bin;C:\Users\HP\AppData\Local\Microsoft\WindowsApps;C:\Program Files\JetBrains\IntelliJ IDEA Community Edition 2020.3.2\bin;;C:\Users\HP\.dotnet\tools;C:\Program Files\Azure Data Studio\bin;E:\Microsoft VS Code\bin;C:\Users\HP\AppData\Roaming\npm;C:\Users\HP\AppData\Local\GitHubDesktop\bin
USERNAME=HP
OS=Windows_NT
PROCESSOR_IDENTIFIER=Intel64 Family 6 Model 78 Stepping 3, GenuineIntel
TMP=C:\Users\HP\AppData\Local\Temp
TEMP=C:\Users\HP\AppData\Local\Temp



---------------  S Y S T E M  ---------------

OS:
 Windows 10 , 64 bit Build 19041 (10.0.19041.2251)
OS uptime: 0 days 6:39 hours
Hyper-V role detected

CPU: total 4 (initial active 4) (2 cores per cpu, 2 threads per core) family 6 model 78 stepping 3 microcode 0xcc, cx8, cmov, fxsr, ht, mmx, 3dnowpref, sse, sse2, sse3, ssse3, sse4.1, sse4.2, popcnt, lzcnt, tsc, tscinvbit, avx, avx2, aes, erms, clmul, bmi1, bmi2, rtm, adx, fma, vzeroupper, clflush, clflushopt, hv

Memory: 4k page, system-wide physical 8072M (1218M free)
TotalPageFile size 8947M (AvailPageFile size 3M)
current process WorkingSet (physical memory assigned to process): 165M, peak: 165M
current process commit charge ("private bytes"): 254M, peak: 255M

vm_info: OpenJDK 64-Bit Server VM (17.0.5+8) for windows-amd64 JRE (17.0.5+8), built on Oct 19 2022 04:48:13 by "temurin" with MS VC++ 16.7 (VS2019)

END.
