#
# There is insufficient memory for the Java Runtime Environment to continue.
# Native memory allocation (mmap) failed to map 65536 bytes for Failed to commit metaspace.
# Possible reasons:
#   The system is out of physical RAM or swap space
#   The process is running with CompressedOops enabled, and the Java Heap may be blocking the growth of the native heap
# Possible solutions:
#   Reduce memory load on the system
#   Increase physical memory or swap space
#   Check if swap backing store is full
#   Decrease Java heap size (-Xmx/-Xms)
#   Decrease number of Java threads
#   Decrease Java thread stack sizes (-Xss)
#   Set larger code cache with -XX:ReservedCodeCacheSize=
#   JVM is running with Unscaled Compressed Oops mode in which the Java heap is
#     placed in the first 4GB address space. The Java Heap base address is the
#     maximum limit for the native heap growth. Please use -XX:HeapBaseMinAddress
#     to set the Java Heap base and to place the Java Heap above 4GB virtual address.
# This output file may be truncated or incomplete.
#
#  Out of Memory Error (virtualSpaceNode.cpp:110), pid=3300, tid=9380
#
# JRE version: OpenJDK Runtime Environment Temurin-17.0.5+8 (17.0.5+8) (build 17.0.5+8)
# Java VM: OpenJDK 64-Bit Server VM Temurin-17.0.5+8 (17.0.5+8, mixed mode, tiered, compressed oops, compressed class ptrs, parallel gc, windows-amd64)
# No core dump will be written. Minidumps are not enabled by default on client versions of Windows
#

---------------  S U M M A R Y ------------

Command Line: --add-modules=ALL-SYSTEM --add-opens=java.base/java.util=ALL-UNNAMED --add-opens=java.base/java.lang=ALL-UNNAMED --add-opens=java.base/sun.nio.fs=ALL-UNNAMED -Declipse.application=org.eclipse.jdt.ls.core.id1 -Dosgi.bundles.defaultStartLevel=4 -Declipse.product=org.eclipse.jdt.ls.core.product -Djava.import.generatesMetadataFilesAtProjectRoot=false -Dfile.encoding=utf8 -XX:+UseParallelGC -XX:GCTimeRatio=4 -XX:AdaptiveSizePolicyWeight=90 -Dsun.zip.disableMemoryMapping=true -Xmx1G -Xms100m -Xlog:disable -javaagent:c:\Users\HP\.vscode\extensions\redhat.java-1.13.0-win32-x64\lombok\lombok-1.18.24.jar c:\Users\HP\.vscode\extensions\redhat.java-1.13.0-win32-x64\server\plugins\org.eclipse.equinox.launcher_1.6.400.v20210924-0641.jar -configuration c:\Users\HP\AppData\Roaming\Code\User\globalStorage\redhat.java\1.13.0\config_ss_win -data c:\Users\HP\AppData\Roaming\Code\User\workspaceStorage\f2350121a3b4cfbe1652b02ef9b2cb67\redhat.java\ss_ws

Host: Intel(R) Core(TM) i5-6300U CPU @ 2.40GHz, 4 cores, 7G,  Windows 10 , 64 bit Build 19041 (10.0.19041.2251)
Time: Tue Dec  6 19:00:26 2022 Pakistan Standard Time elapsed time: 7.870302 seconds (0d 0h 0m 7s)

---------------  T H R E A D  ---------------

Current thread (0x0000013816c87d50):  JavaThread "Start Level: Equinox Container: 753a3604-9f72-4053-bbe6-c94811e5a36b" daemon [_thread_in_vm, id=9380, stack(0x0000002d8ca00000,0x0000002d8cb00000)]

Stack: [0x0000002d8ca00000,0x0000002d8cb00000]
Native frames: (J=compiled Java code, j=interpreted, Vv=VM code, C=native code)
V  [jvm.dll+0x676b3a]
V  [jvm.dll+0x831444]
V  [jvm.dll+0x832bee]
V  [jvm.dll+0x833253]
V  [jvm.dll+0x244ce5]
V  [jvm.dll+0x82d4db]
V  [jvm.dll+0x61b2f6]
V  [jvm.dll+0x1bfd2e]
V  [jvm.dll+0x61dc41]
V  [jvm.dll+0x61bc96]
V  [jvm.dll+0x23a7d0]
V  [jvm.dll+0x1ea39d]
V  [jvm.dll+0x1dfdd1]
V  [jvm.dll+0x53be30]
V  [jvm.dll+0x7ac5a8]
V  [jvm.dll+0x7ac694]
V  [jvm.dll+0x40ba25]
V  [jvm.dll+0x411bb8]
C  [java.dll+0x17ec]

Java frames: (J=compiled Java code, j=interpreted, Vv=VM code)
J 1146  java.lang.ClassLoader.defineClass1(Ljava/lang/ClassLoader;Ljava/lang/String;[BIILjava/security/ProtectionDomain;Ljava/lang/String;)Ljava/lang/Class; java.base@17.0.5 (0 bytes) @ 0x000001380a6fba5b [0x000001380a6fb9a0+0x00000000000000bb]
J 1726 c1 java.lang.ClassLoader.defineClass(Ljava/lang/String;[BIILjava/security/ProtectionDomain;)Ljava/lang/Class; java.base@17.0.5 (43 bytes) @ 0x000001380348d354 [0x000001380348d000+0x0000000000000354]
J 1954 c1 org.eclipse.osgi.internal.loader.ModuleClassLoader.defineClass(Ljava/lang/String;[BLorg/eclipse/osgi/internal/loader/classpath/ClasspathEntry;)Lorg/eclipse/osgi/internal/loader/ModuleClassLoader$DefineClassResult; (138 bytes) @ 0x000001380351a19c [0x0000013803519f40+0x000000000000025c]
J 1796 c1 org.eclipse.osgi.internal.loader.classpath.ClasspathManager.defineClass(Ljava/lang/String;[BLorg/eclipse/osgi/internal/loader/classpath/ClasspathEntry;Lorg/eclipse/osgi/storage/bundlefile/BundleEntry;Ljava/util/List;)Ljava/lang/Class; (636 bytes) @ 0x00000138034c21c4 [0x00000138034c07e0+0x00000000000019e4]
J 1940 c1 org.eclipse.osgi.internal.loader.classpath.ClasspathManager.findClassImpl(Ljava/lang/String;Lorg/eclipse/osgi/internal/loader/classpath/ClasspathEntry;Ljava/util/List;)Ljava/lang/Class; (308 bytes) @ 0x000001380350c20c [0x00000138035094a0+0x0000000000002d6c]
J 1773 c1 org.eclipse.osgi.internal.loader.classpath.ClasspathManager.findLocalClassImpl(Ljava/lang/String;[Lorg/eclipse/osgi/internal/loader/classpath/ClasspathEntry;Ljava/util/List;)Ljava/lang/Class; (55 bytes) @ 0x00000138034b42cc [0x00000138034b4140+0x000000000000018c]
J 1772 c1 org.eclipse.osgi.internal.loader.classpath.ClasspathManager.findLocalClassImpl(Ljava/lang/String;Ljava/util/List;)Ljava/lang/Class; (132 bytes) @ 0x00000138034b3854 [0x00000138034b3340+0x0000000000000514]
J 1876 c1 org.eclipse.osgi.internal.loader.classpath.ClasspathManager.findLocalClass(Ljava/lang/String;)Ljava/lang/Class; (210 bytes) @ 0x00000138034ec5bc [0x00000138034eb920+0x0000000000000c9c]
J 1765 c1 org.eclipse.osgi.internal.loader.BundleLoader.findLocalClass(Ljava/lang/String;)Ljava/lang/Class; (152 bytes) @ 0x00000138034a9dec [0x00000138034a95a0+0x000000000000084c]
J 1733 c1 org.eclipse.osgi.internal.loader.BundleLoader.findClass0(Ljava/lang/String;ZZ)Ljava/lang/Class; (466 bytes) @ 0x0000013803493184 [0x0000013803490aa0+0x00000000000026e4]
J 1693 c1 org.eclipse.osgi.internal.loader.BundleLoader.findClass(Ljava/lang/String;)Ljava/lang/Class; (8 bytes) @ 0x000001380347e89c [0x000001380347e820+0x000000000000007c]
J 1695 c1 org.eclipse.osgi.internal.loader.ModuleClassLoader.loadClass(Ljava/lang/String;Z)Ljava/lang/Class; (36 bytes) @ 0x000001380347fbbc [0x000001380347f9a0+0x000000000000021c]
J 978 c1 java.lang.ClassLoader.loadClass(Ljava/lang/String;)Ljava/lang/Class; java.base@17.0.5 (7 bytes) @ 0x000001380331acbc [0x000001380331abc0+0x00000000000000fc]
v  ~StubRoutines::call_stub
j  org.eclipse.jdt.internal.core.JavaModelManager$8.optionsChanged(Lorg/eclipse/osgi/service/debug/DebugOptions;)V+617
j  org.eclipse.osgi.internal.debug.FrameworkDebugOptions.addingService(Lorg/osgi/framework/ServiceReference;)Lorg/eclipse/osgi/service/debug/DebugOptionsListener;+16
j  org.eclipse.osgi.internal.debug.FrameworkDebugOptions.addingService(Lorg/osgi/framework/ServiceReference;)Ljava/lang/Object;+5
j  org.osgi.util.tracker.ServiceTracker$Tracked.customizerAdding(Lorg/osgi/framework/ServiceReference;Lorg/osgi/framework/ServiceEvent;)Ljava/lang/Object;+8
j  org.osgi.util.tracker.ServiceTracker$Tracked.customizerAdding(Ljava/lang/Object;Ljava/lang/Object;)Ljava/lang/Object;+9
j  org.osgi.util.tracker.AbstractTracked.trackAdding(Ljava/lang/Object;Ljava/lang/Object;)V+8
j  org.osgi.util.tracker.AbstractTracked.track(Ljava/lang/Object;Ljava/lang/Object;)V+83
j  org.osgi.util.tracker.ServiceTracker$Tracked.serviceChanged(Lorg/osgi/framework/ServiceEvent;)V+67
J 1588 c1 org.eclipse.osgi.internal.serviceregistry.FilteredServiceListener.serviceChanged(Lorg/osgi/framework/ServiceEvent;)V (284 bytes) @ 0x000001380345d034 [0x000001380345ad60+0x00000000000022d4]
J 1578 c1 org.eclipse.osgi.internal.framework.BundleContextImpl.dispatchEvent(Ljava/lang/Object;Ljava/lang/Object;ILjava/lang/Object;)V (558 bytes) @ 0x000001380344e774 [0x000001380344b6a0+0x00000000000030d4]
J 1882 c1 org.eclipse.osgi.framework.eventmgr.EventManager.dispatchEvent(Ljava/util/Set;Lorg/eclipse/osgi/framework/eventmgr/EventDispatcher;ILjava/lang/Object;)V (69 bytes) @ 0x00000138034f0874 [0x00000138034f03a0+0x00000000000004d4]
j  org.eclipse.osgi.framework.eventmgr.ListenerQueue.dispatchEventSynchronous(ILjava/lang/Object;)V+67
j  org.eclipse.osgi.internal.serviceregistry.ServiceRegistry.publishServiceEventPrivileged(Lorg/osgi/framework/ServiceEvent;)V+320
j  org.eclipse.osgi.internal.serviceregistry.ServiceRegistry.publishServiceEvent(Lorg/osgi/framework/ServiceEvent;)V+8
j  org.eclipse.osgi.internal.serviceregistry.ServiceRegistrationImpl.register(Ljava/util/Dictionary;)V+128
j  org.eclipse.osgi.internal.serviceregistry.ServiceRegistry.registerService(Lorg/eclipse/osgi/internal/framework/BundleContextImpl;[Ljava/lang/String;Ljava/lang/Object;Ljava/util/Dictionary;)Lorg/eclipse/osgi/internal/serviceregistry/ServiceRegistrationImpl;+298
j  org.eclipse.osgi.internal.framework.BundleContextImpl.registerService([Ljava/lang/String;Ljava/lang/Object;Ljava/util/Dictionary;)Lorg/osgi/framework/ServiceRegistration;+15
j  org.eclipse.osgi.internal.framework.BundleContextImpl.registerService(Ljava/lang/String;Ljava/lang/Object;Ljava/util/Dictionary;)Lorg/osgi/framework/ServiceRegistration;+15
j  org.eclipse.osgi.internal.framework.BundleContextImpl.registerService(Ljava/lang/Class;Ljava/lang/Object;Ljava/util/Dictionary;)Lorg/osgi/framework/ServiceRegistration;+7
j  org.eclipse.jdt.internal.core.JavaModelManager.registerDebugOptionsListener(Lorg/osgi/framework/BundleContext;)V+32
j  org.eclipse.jdt.core.JavaCore.start(Lorg/osgi/framework/BundleContext;)V+6
j  org.eclipse.osgi.internal.framework.BundleContextImpl$2.run()Ljava/lang/Void;+23
j  org.eclipse.osgi.internal.framework.BundleContextImpl$2.run()Ljava/lang/Object;+1
J 1276 c1 java.security.AccessController.executePrivileged(Ljava/security/PrivilegedExceptionAction;Ljava/security/AccessControlContext;Ljava/lang/Class;)Ljava/lang/Object; java.base@17.0.5 (65 bytes) @ 0x00000138033b11b4 [0x00000138033b1060+0x0000000000000154]
j  java.security.AccessController.doPrivileged(Ljava/security/PrivilegedExceptionAction;)Ljava/lang/Object;+9 java.base@17.0.5
j  org.eclipse.osgi.internal.framework.BundleContextImpl.startActivator(Lorg/osgi/framework/BundleActivator;)V+9
j  org.eclipse.osgi.internal.framework.BundleContextImpl.start()V+134
j  org.eclipse.osgi.internal.framework.EquinoxBundle.startWorker0()V+35
j  org.eclipse.osgi.internal.framework.EquinoxBundle$EquinoxModule.startWorker()V+4
j  org.eclipse.osgi.container.Module.doStart([Lorg/eclipse/osgi/container/Module$StartOptions;)Lorg/eclipse/osgi/container/ModuleContainerAdaptor$ModuleEvent;+190
j  org.eclipse.osgi.container.Module.start([Lorg/eclipse/osgi/container/Module$StartOptions;)V+460
j  org.eclipse.osgi.framework.util.SecureAction.start(Lorg/eclipse/osgi/container/Module;[Lorg/eclipse/osgi/container/Module$StartOptions;)V+8
J 1767 c1 org.eclipse.osgi.internal.hooks.EclipseLazyStarter.postFindLocalClass(Ljava/lang/String;Ljava/lang/Class;Lorg/eclipse/osgi/internal/loader/classpath/ClasspathManager;)V (394 bytes) @ 0x00000138034acd5c [0x00000138034abde0+0x0000000000000f7c]
J 1876 c1 org.eclipse.osgi.internal.loader.classpath.ClasspathManager.findLocalClass(Ljava/lang/String;)Ljava/lang/Class; (210 bytes) @ 0x00000138034ec8d4 [0x00000138034eb920+0x0000000000000fb4]
J 1765 c1 org.eclipse.osgi.internal.loader.BundleLoader.findLocalClass(Ljava/lang/String;)Ljava/lang/Class; (152 bytes) @ 0x00000138034a9dec [0x00000138034a95a0+0x000000000000084c]
j  org.eclipse.osgi.internal.loader.sources.SingleSourcePackage.loadClass(Ljava/lang/String;)Ljava/lang/Class;+5
J 1733 c1 org.eclipse.osgi.internal.loader.BundleLoader.findClass0(Ljava/lang/String;ZZ)Ljava/lang/Class; (466 bytes) @ 0x000001380349308c [0x0000013803490aa0+0x00000000000025ec]
J 1693 c1 org.eclipse.osgi.internal.loader.BundleLoader.findClass(Ljava/lang/String;)Ljava/lang/Class; (8 bytes) @ 0x000001380347e89c [0x000001380347e820+0x000000000000007c]
J 1695 c1 org.eclipse.osgi.internal.loader.ModuleClassLoader.loadClass(Ljava/lang/String;Z)Ljava/lang/Class; (36 bytes) @ 0x000001380347fbbc [0x000001380347f9a0+0x000000000000021c]
J 978 c1 java.lang.ClassLoader.loadClass(Ljava/lang/String;)Ljava/lang/Class; java.base@17.0.5 (7 bytes) @ 0x000001380331acbc [0x000001380331abc0+0x00000000000000fc]
v  ~StubRoutines::call_stub
j  java.lang.Class.getDeclaredConstructors0(Z)[Ljava/lang/reflect/Constructor;+0 java.base@17.0.5
j  java.lang.Class.privateGetDeclaredConstructors(Z)[Ljava/lang/reflect/Constructor;+52 java.base@17.0.5
j  java.lang.Class.getConstructor0([Ljava/lang/Class;I)Ljava/lang/reflect/Constructor;+14 java.base@17.0.5
j  java.lang.Class.getConstructor([Ljava/lang/Class;)Ljava/lang/reflect/Constructor;+24 java.base@17.0.5
j  org.eclipse.osgi.internal.framework.BundleContextImpl.loadBundleActivator()Lorg/osgi/framework/BundleActivator;+105
j  org.eclipse.osgi.internal.framework.BundleContextImpl.start()V+18
j  org.eclipse.osgi.internal.framework.EquinoxBundle.startWorker0()V+35
j  org.eclipse.osgi.internal.framework.EquinoxBundle$EquinoxModule.startWorker()V+4
j  org.eclipse.osgi.container.Module.doStart([Lorg/eclipse/osgi/container/Module$StartOptions;)Lorg/eclipse/osgi/container/ModuleContainerAdaptor$ModuleEvent;+190
j  org.eclipse.osgi.container.Module.start([Lorg/eclipse/osgi/container/Module$StartOptions;)V+460
j  org.eclipse.osgi.container.ModuleContainer$ContainerStartLevel$2.run()V+71
j  org.eclipse.osgi.internal.framework.EquinoxContainerAdaptor$1$1.execute(Ljava/lang/Runnable;)V+1
j  org.eclipse.osgi.container.ModuleContainer$ContainerStartLevel.incStartLevel(ILjava/util/List;Z)V+192
j  org.eclipse.osgi.container.ModuleContainer$ContainerStartLevel.incStartLevel(ILjava/util/List;Ljava/util/List;Ljava/util/List;Ljava/util/List;)V+19
j  org.eclipse.osgi.container.ModuleContainer$ContainerStartLevel.doContainerStartLevel(Lorg/eclipse/osgi/container/Module;I[Lorg/osgi/framework/FrameworkListener;)V+349
j  org.eclipse.osgi.container.ModuleContainer$ContainerStartLevel.dispatchEvent(Lorg/eclipse/osgi/container/Module;[Lorg/osgi/framework/FrameworkListener;ILjava/lang/Integer;)V+32
j  org.eclipse.osgi.container.ModuleContainer$ContainerStartLevel.dispatchEvent(Ljava/lang/Object;Ljava/lang/Object;ILjava/lang/Object;)V+15
j  org.eclipse.osgi.framework.eventmgr.EventManager.dispatchEvent(Ljava/util/Set;Lorg/eclipse/osgi/framework/eventmgr/EventDispatcher;ILjava/lang/Object;)V+48
j  org.eclipse.osgi.framework.eventmgr.EventManager$EventThread.run()V+26
v  ~StubRoutines::call_stub

---------------  P R O C E S S  ---------------

Threads class SMR info:
_java_thread_list=0x0000013815ae2ba0, length=20, elements={
0x000001387f9bbe40, 0x000001387d74b350, 0x000001387fc1e760, 0x000001387fc5ff90,
0x000001387fc60ab0, 0x000001387fc63740, 0x000001387fc65170, 0x000001387fc65d60,
0x000001387fc8e3c0, 0x000001381553efe0, 0x000001381561c390, 0x00000138157e96c0,
0x0000013815a3d330, 0x0000013816c87880, 0x0000013816c87d50, 0x0000013816d91650,
0x0000013816c868b0, 0x0000013816da9d90, 0x0000013815db1470, 0x0000013816e8a870
}

Java Threads: ( => current thread )
  0x000001387f9bbe40 JavaThread "main" [_thread_blocked, id=11256, stack(0x0000002d8b500000,0x0000002d8b600000)]
  0x000001387d74b350 JavaThread "Reference Handler" daemon [_thread_blocked, id=2112, stack(0x0000002d8b800000,0x0000002d8b900000)]
  0x000001387fc1e760 JavaThread "Finalizer" daemon [_thread_blocked, id=14680, stack(0x0000002d8b900000,0x0000002d8ba00000)]
  0x000001387fc5ff90 JavaThread "Signal Dispatcher" daemon [_thread_blocked, id=13876, stack(0x0000002d8ba00000,0x0000002d8bb00000)]
  0x000001387fc60ab0 JavaThread "Attach Listener" daemon [_thread_blocked, id=1712, stack(0x0000002d8bb00000,0x0000002d8bc00000)]
  0x000001387fc63740 JavaThread "Service Thread" daemon [_thread_blocked, id=2416, stack(0x0000002d8bc00000,0x0000002d8bd00000)]
  0x000001387fc65170 JavaThread "Monitor Deflation Thread" daemon [_thread_blocked, id=8572, stack(0x0000002d8bd00000,0x0000002d8be00000)]
  0x000001387fc65d60 JavaThread "C2 CompilerThread0" daemon [_thread_in_native, id=13920, stack(0x0000002d8be00000,0x0000002d8bf00000)]
  0x000001387fc8e3c0 JavaThread "C1 CompilerThread0" daemon [_thread_blocked, id=7736, stack(0x0000002d8bf00000,0x0000002d8c000000)]
  0x000001381553efe0 JavaThread "Sweeper thread" daemon [_thread_blocked, id=12864, stack(0x0000002d8c000000,0x0000002d8c100000)]
  0x000001381561c390 JavaThread "Common-Cleaner" daemon [_thread_blocked, id=14736, stack(0x0000002d8c100000,0x0000002d8c200000)]
  0x00000138157e96c0 JavaThread "Notification Thread" daemon [_thread_blocked, id=15204, stack(0x0000002d8c200000,0x0000002d8c300000)]
  0x0000013815a3d330 JavaThread "Active Thread: Equinox Container: 753a3604-9f72-4053-bbe6-c94811e5a36b" [_thread_blocked, id=6604, stack(0x0000002d8c700000,0x0000002d8c800000)]
  0x0000013816c87880 JavaThread "Framework Event Dispatcher: Equinox Container: 753a3604-9f72-4053-bbe6-c94811e5a36b" daemon [_thread_blocked, id=6024, stack(0x0000002d8c900000,0x0000002d8ca00000)]
=>0x0000013816c87d50 JavaThread "Start Level: Equinox Container: 753a3604-9f72-4053-bbe6-c94811e5a36b" daemon [_thread_in_vm, id=9380, stack(0x0000002d8ca00000,0x0000002d8cb00000)]
  0x0000013816d91650 JavaThread "SCR Component Actor" daemon [_thread_blocked, id=15024, stack(0x0000002d8cb00000,0x0000002d8cc00000)]
  0x0000013816c868b0 JavaThread "SCR Component Registry" daemon [_thread_blocked, id=14140, stack(0x0000002d8c800000,0x0000002d8c900000)]
  0x0000013816da9d90 JavaThread "Worker-JM" [_thread_blocked, id=13508, stack(0x0000002d8cc00000,0x0000002d8cd00000)]
  0x0000013815db1470 JavaThread "Worker-0" [_thread_blocked, id=8348, stack(0x0000002d8ce00000,0x0000002d8cf00000)]
  0x0000013816e8a870 JavaThread "Worker-1" [_thread_blocked, id=14880, stack(0x0000002d8cf00000,0x0000002d8d000000)]

Other Threads:
  0x000001387fb55fa0 VMThread "VM Thread" [stack: 0x0000002d8b700000,0x0000002d8b800000] [id=14052]
  0x00000138157e9b90 WatcherThread [stack: 0x0000002d8c300000,0x0000002d8c400000] [id=13964]
  0x000001387f9c9a70 GCTaskThread "GC Thread#0" [stack: 0x0000002d8b600000,0x0000002d8b700000] [id=9960]
  0x0000013815b127a0 GCTaskThread "GC Thread#1" [stack: 0x0000002d8c400000,0x0000002d8c500000] [id=8748]
  0x0000013815b45b10 GCTaskThread "GC Thread#2" [stack: 0x0000002d8c500000,0x0000002d8c600000] [id=11312]
  0x0000013815b45dc0 GCTaskThread "GC Thread#3" [stack: 0x0000002d8c600000,0x0000002d8c700000] [id=11764]

Threads with active compile tasks:
C2 CompilerThread0     7960 2274       4       org.objectweb.asm.ClassReader::readMethod (1066 bytes)

VM state: not at safepoint (normal execution)

VM Mutex/Monitor currently owned by a thread:  ([mutex/lock_event])
[0x000001387f9b69b0] Metaspace_lock - owner thread: 0x0000013816c87d50

Heap address: 0x00000000c0000000, size: 1024 MB, Compressed Oops mode: 32-bit

CDS archive(s) not mapped
Compressed class space mapped at: 0x0000000100000000-0x0000000140000000, reserved size: 1073741824
Narrow klass base: 0x0000000000000000, Narrow klass shift: 3, Narrow klass range: 0x140000000

GC Precious Log:
 CPUs: 4 total, 4 available
 Memory: 8072M
 Large Page Support: Disabled
 NUMA Support: Disabled
 Compressed Oops: Enabled (32-bit)
 Alignments: Space 512K, Generation 512K, Heap 2M
 Heap Min Capacity: 100M
 Heap Initial Capacity: 100M
 Heap Max Capacity: 1G
 Pre-touch: Disabled
 Parallel Workers: 4

Heap:
 PSYoungGen      total 25600K, used 6261K [0x00000000eab00000, 0x00000000ec880000, 0x0000000100000000)
  eden space 25088K, 23% used [0x00000000eab00000,0x00000000eb0d09d0,0x00000000ec380000)
  from space 512K, 60% used [0x00000000ec400000,0x00000000ec44cdb8,0x00000000ec480000)
  to   space 2048K, 0% used [0x00000000ec680000,0x00000000ec680000,0x00000000ec880000)
 ParOldGen       total 68608K, used 7183K [0x00000000c0000000, 0x00000000c4300000, 0x00000000eab00000)
  object space 68608K, 10% used [0x00000000c0000000,0x00000000c0703f68,0x00000000c4300000)
 Metaspace       used 25017K, committed 25408K, reserved 1073152K
  class space    used 2453K, committed 2624K, reserved 1048576K

Card table byte_map: [0x000001387f370000,0x000001387f580000] _byte_map_base: 0x000001387ed70000

Marking Bits: (ParMarkBitMap*) 0x00007ffefbfb0dd0
 Begin Bits: [0x0000013811bc0000, 0x0000013812bc0000)
 End Bits:   [0x0000013812bc0000, 0x0000013813bc0000)

Polling page: 0x000001387d700000

Metaspace:

Usage:
  Non-class:     22.04 MB used.
      Class:      2.40 MB used.
       Both:     24.43 MB used.

Virtual space:
  Non-class space:       24.00 MB reserved,      22.25 MB ( 93%) committed,  3 nodes.
      Class space:        1.00 GB reserved,       2.56 MB ( <1%) committed,  1 nodes.
             Both:        1.02 GB reserved,      24.81 MB (  2%) committed. 

Chunk freelists:
   Non-Class:  1.06 MB
       Class:  1.44 MB
        Both:  2.50 MB

MaxMetaspaceSize: unlimited
CompressedClassSpaceSize: 1.00 GB
Initial GC threshold: 21.00 MB
Current GC threshold: 35.00 MB
CDS: off
MetaspaceReclaimPolicy: balanced
 - commit_granule_bytes: 65536.
 - commit_granule_words: 8192.
 - virtual_space_node_default_size: 1048576.
 - enlarge_chunks_in_place: 1.
 - new_chunks_are_fully_committed: 0.
 - uncommit_free_chunks: 1.
 - use_allocation_guard: 0.
 - handle_deallocations: 1.


Internal statistics:

num_allocs_failed_limit: 3.
num_arena_births: 168.
num_arena_deaths: 14.
num_vsnodes_births: 4.
num_vsnodes_deaths: 0.
num_space_committed: 397.
num_space_uncommitted: 0.
num_chunks_returned_to_freelist: 17.
num_chunks_taken_from_freelist: 774.
num_chunk_merges: 7.
num_chunk_splits: 539.
num_chunks_enlarged: 416.
num_purges: 2.
num_inconsistent_stats: 0.

CodeHeap 'non-profiled nmethods': size=120000Kb used=893Kb max_used=893Kb free=119106Kb
 bounds [0x000001380a690000, 0x000001380a900000, 0x0000013811bc0000]
CodeHeap 'profiled nmethods': size=120000Kb used=4543Kb max_used=4543Kb free=115456Kb
 bounds [0x0000013803160000, 0x00000138035d0000, 0x000001380a690000]
CodeHeap 'non-nmethods': size=5760Kb used=1224Kb max_used=1239Kb free=4535Kb
 bounds [0x0000013802bc0000, 0x0000013802e30000, 0x0000013803160000]
 total_blobs=2807 nmethods=2277 adapters=444
 compilation: enabled
              stopped_count=0, restarted_count=0
 full_count=0

Compilation events (20 events):
Event: 7.771 Thread 0x000001387fc8e3c0 nmethod 2269 0x00000138035c9d90 code [0x00000138035c9f40, 0x00000138035ca108]
Event: 7.771 Thread 0x000001387fc8e3c0 2270       3       org.objectweb.asm.ClassReader::createLabel (21 bytes)
Event: 7.772 Thread 0x000001387fc8e3c0 nmethod 2270 0x00000138035ca210 code [0x00000138035ca3e0, 0x00000138035ca818]
Event: 7.772 Thread 0x000001387fc8e3c0 2271       3       org.objectweb.asm.MethodVisitor::visitLineNumber (17 bytes)
Event: 7.772 Thread 0x000001387fc8e3c0 nmethod 2271 0x00000138035caa10 code [0x00000138035cabc0, 0x00000138035cadc8]
Event: 7.772 Thread 0x000001387fc8e3c0 2272       3       org.objectweb.asm.Symbol::getArgumentsAndReturnSizes (23 bytes)
Event: 7.773 Thread 0x000001387fc65d60 2273       4       org.objectweb.asm.MethodWriter::visitLabel (328 bytes)
Event: 7.773 Thread 0x000001387fc8e3c0 nmethod 2272 0x00000138035cae90 code [0x00000138035cb040, 0x00000138035cb1c8]
Event: 7.776 Thread 0x000001387fc8e3c0 2275       3       org.objectweb.asm.SymbolTable::put (150 bytes)
Event: 7.777 Thread 0x000001387fc8e3c0 nmethod 2275 0x00000138035cb290 code [0x00000138035cb460, 0x00000138035cbb78]
Event: 7.780 Thread 0x000001387fc8e3c0 2276 %     3       org.objectweb.asm.ClassReader::<init> @ 110 (371 bytes)
Event: 7.782 Thread 0x000001387fc8e3c0 nmethod 2276% 0x00000138035cbe90 code [0x00000138035cc180, 0x00000138035cd4d8]
Event: 7.783 Thread 0x000001387fc65d60 nmethod 2273 0x000001380a76ef10 code [0x000001380a76f0a0, 0x000001380a76f458]
Event: 7.783 Thread 0x000001387fc8e3c0 2277       3       org.objectweb.asm.ClassReader::<init> (371 bytes)
Event: 7.783 Thread 0x000001387fc65d60 2274       4       org.objectweb.asm.ClassReader::readMethod (1066 bytes)
Event: 7.785 Thread 0x000001387fc8e3c0 nmethod 2277 0x00000138035cda90 code [0x00000138035cdd60, 0x00000138035cef58]
Event: 7.791 Thread 0x000001387fc8e3c0 2278       3       org.objectweb.asm.SymbolTable::hash (14 bytes)
Event: 7.791 Thread 0x000001387fc8e3c0 nmethod 2278 0x00000138035cf510 code [0x00000138035cf6a0, 0x00000138035cf798]
Event: 7.846 Thread 0x000001387fc8e3c0 2280       3       java.util.Arrays$ArrayItr::next (36 bytes)
Event: 7.846 Thread 0x000001387fc8e3c0 nmethod 2280 0x00000138035cf810 code [0x00000138035cf9c0, 0x00000138035cfc08]

GC Heap History (12 events):
Event: 3.040 GC heap before
{Heap before GC invocations=1 (full 0):
 PSYoungGen      total 29696K, used 25600K [0x00000000eab00000, 0x00000000ecc00000, 0x0000000100000000)
  eden space 25600K, 100% used [0x00000000eab00000,0x00000000ec400000,0x00000000ec400000)
  from space 4096K, 0% used [0x00000000ec800000,0x00000000ec800000,0x00000000ecc00000)
  to   space 4096K, 0% used [0x00000000ec400000,0x00000000ec400000,0x00000000ec800000)
 ParOldGen       total 68608K, used 0K [0x00000000c0000000, 0x00000000c4300000, 0x00000000eab00000)
  object space 68608K, 0% used [0x00000000c0000000,0x00000000c0000000,0x00000000c4300000)
 Metaspace       used 10969K, committed 11136K, reserved 1064960K
  class space    used 1090K, committed 1152K, reserved 1048576K
}
Event: 3.067 GC heap after
{Heap after GC invocations=1 (full 0):
 PSYoungGen      total 29696K, used 3704K [0x00000000eab00000, 0x00000000ecc00000, 0x0000000100000000)
  eden space 25600K, 0% used [0x00000000eab00000,0x00000000eab00000,0x00000000ec400000)
  from space 4096K, 90% used [0x00000000ec400000,0x00000000ec79e218,0x00000000ec800000)
  to   space 4096K, 0% used [0x00000000ec800000,0x00000000ec800000,0x00000000ecc00000)
 ParOldGen       total 68608K, used 0K [0x00000000c0000000, 0x00000000c4300000, 0x00000000eab00000)
  object space 68608K, 0% used [0x00000000c0000000,0x00000000c0000000,0x00000000c4300000)
 Metaspace       used 10969K, committed 11136K, reserved 1064960K
  class space    used 1090K, committed 1152K, reserved 1048576K
}
Event: 5.056 GC heap before
{Heap before GC invocations=2 (full 0):
 PSYoungGen      total 29696K, used 29304K [0x00000000eab00000, 0x00000000ecc00000, 0x0000000100000000)
  eden space 25600K, 100% used [0x00000000eab00000,0x00000000ec400000,0x00000000ec400000)
  from space 4096K, 90% used [0x00000000ec400000,0x00000000ec79e218,0x00000000ec800000)
  to   space 4096K, 0% used [0x00000000ec800000,0x00000000ec800000,0x00000000ecc00000)
 ParOldGen       total 68608K, used 0K [0x00000000c0000000, 0x00000000c4300000, 0x00000000eab00000)
  object space 68608K, 0% used [0x00000000c0000000,0x00000000c0000000,0x00000000c4300000)
 Metaspace       used 15385K, committed 15680K, reserved 1064960K
  class space    used 1562K, committed 1728K, reserved 1048576K
}
Event: 5.065 GC heap after
{Heap after GC invocations=2 (full 0):
 PSYoungGen      total 29696K, used 4093K [0x00000000eab00000, 0x00000000ecc00000, 0x0000000100000000)
  eden space 25600K, 0% used [0x00000000eab00000,0x00000000eab00000,0x00000000ec400000)
  from space 4096K, 99% used [0x00000000ec800000,0x00000000ecbff718,0x00000000ecc00000)
  to   space 4096K, 0% used [0x00000000ec400000,0x00000000ec400000,0x00000000ec800000)
 ParOldGen       total 68608K, used 1301K [0x00000000c0000000, 0x00000000c4300000, 0x00000000eab00000)
  object space 68608K, 1% used [0x00000000c0000000,0x00000000c01456f8,0x00000000c4300000)
 Metaspace       used 15385K, committed 15680K, reserved 1064960K
  class space    used 1562K, committed 1728K, reserved 1048576K
}
Event: 6.756 GC heap before
{Heap before GC invocations=3 (full 0):
 PSYoungGen      total 29696K, used 29693K [0x00000000eab00000, 0x00000000ecc00000, 0x0000000100000000)
  eden space 25600K, 100% used [0x00000000eab00000,0x00000000ec400000,0x00000000ec400000)
  from space 4096K, 99% used [0x00000000ec800000,0x00000000ecbff718,0x00000000ecc00000)
  to   space 4096K, 0% used [0x00000000ec400000,0x00000000ec400000,0x00000000ec800000)
 ParOldGen       total 68608K, used 1301K [0x00000000c0000000, 0x00000000c4300000, 0x00000000eab00000)
  object space 68608K, 1% used [0x00000000c0000000,0x00000000c01456f8,0x00000000c4300000)
 Metaspace       used 20305K, committed 20736K, reserved 1073152K
  class space    used 2064K, committed 2240K, reserved 1048576K
}
Event: 6.767 GC heap after
{Heap after GC invocations=3 (full 0):
 PSYoungGen      total 29696K, used 4088K [0x00000000eab00000, 0x00000000ecc00000, 0x0000000100000000)
  eden space 25600K, 0% used [0x00000000eab00000,0x00000000eab00000,0x00000000ec400000)
  from space 4096K, 99% used [0x00000000ec400000,0x00000000ec7fe1b0,0x00000000ec800000)
  to   space 4096K, 0% used [0x00000000ec800000,0x00000000ec800000,0x00000000ecc00000)
 ParOldGen       total 68608K, used 3174K [0x00000000c0000000, 0x00000000c4300000, 0x00000000eab00000)
  object space 68608K, 4% used [0x00000000c0000000,0x00000000c0319b08,0x00000000c4300000)
 Metaspace       used 20305K, committed 20736K, reserved 1073152K
  class space    used 2064K, committed 2240K, reserved 1048576K
}
Event: 6.956 GC heap before
{Heap before GC invocations=4 (full 0):
 PSYoungGen      total 29696K, used 8658K [0x00000000eab00000, 0x00000000ecc00000, 0x0000000100000000)
  eden space 25600K, 17% used [0x00000000eab00000,0x00000000eaf768d8,0x00000000ec400000)
  from space 4096K, 99% used [0x00000000ec400000,0x00000000ec7fe1b0,0x00000000ec800000)
  to   space 4096K, 0% used [0x00000000ec800000,0x00000000ec800000,0x00000000ecc00000)
 ParOldGen       total 68608K, used 3174K [0x00000000c0000000, 0x00000000c4300000, 0x00000000eab00000)
  object space 68608K, 4% used [0x00000000c0000000,0x00000000c0319b08,0x00000000c4300000)
 Metaspace       used 21058K, committed 21504K, reserved 1073152K
  class space    used 2142K, committed 2368K, reserved 1048576K
}
Event: 6.962 GC heap after
{Heap after GC invocations=4 (full 0):
 PSYoungGen      total 29696K, used 4088K [0x00000000eab00000, 0x00000000ecc00000, 0x0000000100000000)
  eden space 25600K, 0% used [0x00000000eab00000,0x00000000eab00000,0x00000000ec400000)
  from space 4096K, 99% used [0x00000000ec800000,0x00000000ecbfe1b0,0x00000000ecc00000)
  to   space 4096K, 0% used [0x00000000ec400000,0x00000000ec400000,0x00000000ec800000)
 ParOldGen       total 68608K, used 3278K [0x00000000c0000000, 0x00000000c4300000, 0x00000000eab00000)
  object space 68608K, 4% used [0x00000000c0000000,0x00000000c0333b08,0x00000000c4300000)
 Metaspace       used 21058K, committed 21504K, reserved 1073152K
  class space    used 2142K, committed 2368K, reserved 1048576K
}
Event: 6.962 GC heap before
{Heap before GC invocations=5 (full 1):
 PSYoungGen      total 29696K, used 4088K [0x00000000eab00000, 0x00000000ecc00000, 0x0000000100000000)
  eden space 25600K, 0% used [0x00000000eab00000,0x00000000eab00000,0x00000000ec400000)
  from space 4096K, 99% used [0x00000000ec800000,0x00000000ecbfe1b0,0x00000000ecc00000)
  to   space 4096K, 0% used [0x00000000ec400000,0x00000000ec400000,0x00000000ec800000)
 ParOldGen       total 68608K, used 3278K [0x00000000c0000000, 0x00000000c4300000, 0x00000000eab00000)
  object space 68608K, 4% used [0x00000000c0000000,0x00000000c0333b08,0x00000000c4300000)
 Metaspace       used 21058K, committed 21504K, reserved 1073152K
  class space    used 2142K, committed 2368K, reserved 1048576K
}
Event: 7.009 GC heap after
{Heap after GC invocations=5 (full 1):
 PSYoungGen      total 29696K, used 0K [0x00000000eab00000, 0x00000000ecc00000, 0x0000000100000000)
  eden space 25600K, 0% used [0x00000000eab00000,0x00000000eab00000,0x00000000ec400000)
  from space 4096K, 0% used [0x00000000ec800000,0x00000000ec800000,0x00000000ecc00000)
  to   space 4096K, 0% used [0x00000000ec400000,0x00000000ec400000,0x00000000ec800000)
 ParOldGen       total 68608K, used 7183K [0x00000000c0000000, 0x00000000c4300000, 0x00000000eab00000)
  object space 68608K, 10% used [0x00000000c0000000,0x00000000c0703f68,0x00000000c4300000)
 Metaspace       used 21045K, committed 21504K, reserved 1073152K
  class space    used 2139K, committed 2368K, reserved 1048576K
}
Event: 7.682 GC heap before
{Heap before GC invocations=6 (full 1):
 PSYoungGen      total 29696K, used 25600K [0x00000000eab00000, 0x00000000ecc00000, 0x0000000100000000)
  eden space 25600K, 100% used [0x00000000eab00000,0x00000000ec400000,0x00000000ec400000)
  from space 4096K, 0% used [0x00000000ec800000,0x00000000ec800000,0x00000000ecc00000)
  to   space 4096K, 0% used [0x00000000ec400000,0x00000000ec400000,0x00000000ec800000)
 ParOldGen       total 68608K, used 7183K [0x00000000c0000000, 0x00000000c4300000, 0x00000000eab00000)
  object space 68608K, 10% used [0x00000000c0000000,0x00000000c0703f68,0x00000000c4300000)
 Metaspace       used 24589K, committed 25024K, reserved 1073152K
  class space    used 2400K, committed 2560K, reserved 1048576K
}
Event: 7.684 GC heap after
{Heap after GC invocations=6 (full 1):
 PSYoungGen      total 25600K, used 307K [0x00000000eab00000, 0x00000000ec880000, 0x0000000100000000)
  eden space 25088K, 0% used [0x00000000eab00000,0x00000000eab00000,0x00000000ec380000)
  from space 512K, 60% used [0x00000000ec400000,0x00000000ec44cdb8,0x00000000ec480000)
  to   space 2048K, 0% used [0x00000000ec680000,0x00000000ec680000,0x00000000ec880000)
 ParOldGen       total 68608K, used 7183K [0x00000000c0000000, 0x00000000c4300000, 0x00000000eab00000)
  object space 68608K, 10% used [0x00000000c0000000,0x00000000c0703f68,0x00000000c4300000)
 Metaspace       used 24589K, committed 25024K, reserved 1073152K
  class space    used 2400K, committed 2560K, reserved 1048576K
}

Dll operation events (9 events):
Event: 0.024 Loaded shared library c:\Users\HP\.vscode\extensions\redhat.java-1.13.0-win32-x64\jre\17.0.5-win32-x86_64\bin\java.dll
Event: 0.898 Loaded shared library c:\Users\HP\.vscode\extensions\redhat.java-1.13.0-win32-x64\jre\17.0.5-win32-x86_64\bin\zip.dll
Event: 0.905 Loaded shared library C:\Users\HP\.vscode\extensions\redhat.java-1.13.0-win32-x64\jre\17.0.5-win32-x86_64\bin\instrument.dll
Event: 0.940 Loaded shared library C:\Users\HP\.vscode\extensions\redhat.java-1.13.0-win32-x64\jre\17.0.5-win32-x86_64\bin\net.dll
Event: 0.944 Loaded shared library C:\Users\HP\.vscode\extensions\redhat.java-1.13.0-win32-x64\jre\17.0.5-win32-x86_64\bin\nio.dll
Event: 0.972 Loaded shared library C:\Users\HP\.vscode\extensions\redhat.java-1.13.0-win32-x64\jre\17.0.5-win32-x86_64\bin\zip.dll
Event: 1.027 Loaded shared library C:\Users\HP\.vscode\extensions\redhat.java-1.13.0-win32-x64\jre\17.0.5-win32-x86_64\bin\jimage.dll
Event: 1.174 Loaded shared library c:\Users\HP\.vscode\extensions\redhat.java-1.13.0-win32-x64\jre\17.0.5-win32-x86_64\bin\verify.dll
Event: 4.526 Loaded shared library C:\Users\HP\AppData\Roaming\Code\User\globalStorage\redhat.java\1.13.0\config_ss_win\org.eclipse.equinox.launcher\org.eclipse.equinox.launcher.win32.win32.x86_64_1.2.600.v20220720-1916\eclipse_11700.dll

Deoptimization events (20 events):
Event: 6.561 Thread 0x0000013816c87d50 Uncommon trap: trap_request=0xffffffc6 fr.pc=0x000001380a745a20 relative=0x0000000000002360
Event: 6.561 Thread 0x0000013816c87d50 Uncommon trap: reason=bimorphic_or_optimized_type_check action=maybe_recompile pc=0x000001380a745a20 method=java.io.DataInputStream.readUnsignedShort()I @ 4 c2
Event: 6.561 Thread 0x0000013816c87d50 DEOPT PACKING pc=0x000001380a745a20 sp=0x0000002d8caf5050
Event: 6.561 Thread 0x0000013816c87d50 DEOPT UNPACKING pc=0x0000013802c120a3 sp=0x0000002d8caf4fc8 mode 2
Event: 6.567 Thread 0x0000013816c87d50 Uncommon trap: trap_request=0xffffffc6 fr.pc=0x000001380a745a20 relative=0x0000000000002360
Event: 6.567 Thread 0x0000013816c87d50 Uncommon trap: reason=bimorphic_or_optimized_type_check action=maybe_recompile pc=0x000001380a745a20 method=java.io.DataInputStream.readUnsignedShort()I @ 4 c2
Event: 6.567 Thread 0x0000013816c87d50 DEOPT PACKING pc=0x000001380a745a20 sp=0x0000002d8caf4d10
Event: 6.567 Thread 0x0000013816c87d50 DEOPT UNPACKING pc=0x0000013802c120a3 sp=0x0000002d8caf4c88 mode 2
Event: 6.569 Thread 0x0000013816c87d50 Uncommon trap: trap_request=0xffffffc6 fr.pc=0x000001380a745a20 relative=0x0000000000002360
Event: 6.569 Thread 0x0000013816c87d50 Uncommon trap: reason=bimorphic_or_optimized_type_check action=maybe_recompile pc=0x000001380a745a20 method=java.io.DataInputStream.readUnsignedShort()I @ 4 c2
Event: 6.569 Thread 0x0000013816c87d50 DEOPT PACKING pc=0x000001380a745a20 sp=0x0000002d8caf4c50
Event: 6.569 Thread 0x0000013816c87d50 DEOPT UNPACKING pc=0x0000013802c120a3 sp=0x0000002d8caf4bc8 mode 2
Event: 6.570 Thread 0x0000013816c87d50 Uncommon trap: trap_request=0xffffffc6 fr.pc=0x000001380a745a20 relative=0x0000000000002360
Event: 6.570 Thread 0x0000013816c87d50 Uncommon trap: reason=bimorphic_or_optimized_type_check action=maybe_recompile pc=0x000001380a745a20 method=java.io.DataInputStream.readUnsignedShort()I @ 4 c2
Event: 6.570 Thread 0x0000013816c87d50 DEOPT PACKING pc=0x000001380a745a20 sp=0x0000002d8caf4ba0
Event: 6.570 Thread 0x0000013816c87d50 DEOPT UNPACKING pc=0x0000013802c120a3 sp=0x0000002d8caf4b18 mode 2
Event: 6.729 Thread 0x0000013816c87d50 Uncommon trap: trap_request=0xffffff45 fr.pc=0x000001380a71df40 relative=0x0000000000000040
Event: 6.729 Thread 0x0000013816c87d50 Uncommon trap: reason=unstable_if action=reinterpret pc=0x000001380a71df40 method=sun.nio.fs.WindowsPathParser.isSlash(C)Z @ 9 c2
Event: 6.729 Thread 0x0000013816c87d50 DEOPT PACKING pc=0x000001380a71df40 sp=0x0000002d8caf4a30
Event: 6.729 Thread 0x0000013816c87d50 DEOPT UNPACKING pc=0x0000013802c120a3 sp=0x0000002d8caf49b8 mode 2

Classes unloaded (7 events):
Event: 6.970 Thread 0x000001387fb55fa0 Unloading class 0x0000000100216400 'java/lang/invoke/LambdaForm$MH+0x0000000100216400'
Event: 6.970 Thread 0x000001387fb55fa0 Unloading class 0x0000000100216000 'java/lang/invoke/LambdaForm$MH+0x0000000100216000'
Event: 6.970 Thread 0x000001387fb55fa0 Unloading class 0x0000000100215c00 'java/lang/invoke/LambdaForm$MH+0x0000000100215c00'
Event: 6.970 Thread 0x000001387fb55fa0 Unloading class 0x0000000100215800 'java/lang/invoke/LambdaForm$MH+0x0000000100215800'
Event: 6.970 Thread 0x000001387fb55fa0 Unloading class 0x0000000100215000 'java/lang/invoke/LambdaForm$BMH+0x0000000100215000'
Event: 6.970 Thread 0x000001387fb55fa0 Unloading class 0x0000000100214c00 'java/lang/invoke/LambdaForm$DMH+0x0000000100214c00'
Event: 6.970 Thread 0x000001387fb55fa0 Unloading class 0x0000000100212000 'java/lang/invoke/LambdaForm$DMH+0x0000000100212000'

Classes redefined (0 events):
No events

Internal exceptions (20 events):
Event: 4.061 Thread 0x000001387f9bbe40 Exception <a 'java/lang/NoSuchMethodError'{0x00000000eb844518}: 'java.lang.Object java.lang.invoke.DirectMethodHandle$Holder.newInvokeSpecial(java.lang.Object, int, java.lang.Object)'> (0x00000000eb844518) 
thrown [s\src\hotspot\share\interpreter\linkResolver.cpp, line 759]
Event: 4.522 Thread 0x000001387f9bbe40 Exception <a 'java/lang/UnsatisfiedLinkError'{0x00000000ebd72570}: 'void org.eclipse.equinox.launcher.JNIBridge._update_splash()'> (0x00000000ebd72570) 
thrown [s\src\hotspot\share\prims\nativeLookup.cpp, line 543]
Event: 4.737 Thread 0x0000013816c87d50 Exception <a 'java/lang/NoSuchMethodError'{0x00000000ec0211f0}: 'java.lang.Object java.lang.invoke.DirectMethodHandle$Holder.invokeStaticInit(java.lang.Object)'> (0x00000000ec0211f0) 
thrown [s\src\hotspot\share\interpreter\linkResolver.cpp, line 759]
Event: 5.532 Thread 0x0000013816c87d50 Exception <a 'java/io/FileNotFoundException'{0x00000000eb306f48}> (0x00000000eb306f48) 
thrown [s\src\hotspot\share\prims\jni.cpp, line 516]
Event: 5.565 Thread 0x0000013816c87d50 Exception <a 'java/lang/NullPointerException'{0x00000000eb358a20}> (0x00000000eb358a20) 
thrown [s\src\hotspot\share\interpreter\linkResolver.cpp, line 1350]
Event: 5.565 Thread 0x0000013816c87d50 Exception <a 'java/lang/NullPointerException'{0x00000000eb359248}> (0x00000000eb359248) 
thrown [s\src\hotspot\share\interpreter\linkResolver.cpp, line 1350]
Event: 5.764 Thread 0x0000013816c87d50 Exception <a 'java/lang/NoSuchMethodError'{0x00000000eb471b78}: 'java.lang.Object java.lang.invoke.Invokers$Holder.invokeExact_MT(java.lang.Object, java.lang.Object, java.lang.Object, java.lang.Object, java.lang.Object, java.lang.Object)'> (0x00000000eb471b78) 
thrown [s\src\hotspot\share\interpreter\linkResolver.cpp, line 759]
Event: 6.056 Thread 0x0000013816c87d50 Exception <a 'java/lang/NoSuchMethodError'{0x00000000eb9211e8}: 'void java.lang.invoke.DirectMethodHandle$Holder.invokeInterface(java.lang.Object, java.lang.Object, java.lang.Object)'> (0x00000000eb9211e8) 
thrown [s\src\hotspot\share\interpreter\linkResolver.cpp, line 759]
Event: 6.297 Thread 0x0000013816c87d50 Exception <a 'java/lang/NoSuchMethodError'{0x00000000ebcef0d0}: 'java.lang.Object java.lang.invoke.DirectMethodHandle$Holder.invokeStatic(java.lang.Object, java.lang.Object, int)'> (0x00000000ebcef0d0) 
thrown [s\src\hotspot\share\interpreter\linkResolver.cpp, line 759]
Event: 6.298 Thread 0x0000013816c87d50 Exception <a 'java/lang/NoSuchMethodError'{0x00000000ebcf3f28}: 'void java.lang.invoke.DirectMethodHandle$Holder.invokeStatic(java.lang.Object, java.lang.Object, int, java.lang.Object)'> (0x00000000ebcf3f28) 
thrown [s\src\hotspot\share\interpreter\linkResolver.cpp, line 759]
Event: 6.299 Thread 0x0000013816c87d50 Exception <a 'java/lang/NoSuchMethodError'{0x00000000ebcfb900}: 'void java.lang.invoke.DelegatingMethodHandle$Holder.delegate(java.lang.Object, java.lang.Object, int, java.lang.Object)'> (0x00000000ebcfb900) 
thrown [s\src\hotspot\share\interpreter\linkResolver.cpp, line 759]
Event: 6.300 Thread 0x0000013816c87d50 Exception <a 'java/lang/NoSuchMethodError'{0x00000000ebcfff90}: 'int java.lang.invoke.DirectMethodHandle$Holder.invokeSpecial(java.lang.Object, java.lang.Object, java.lang.Object)'> (0x00000000ebcfff90) 
thrown [s\src\hotspot\share\interpreter\linkResolver.cpp, line 759]
Event: 6.306 Thread 0x0000013816c87d50 Exception <a 'java/lang/NoSuchMethodError'{0x00000000ebd118e8}: 'int java.lang.invoke.DirectMethodHandle$Holder.invokeStatic(java.lang.Object, java.lang.Object, int)'> (0x00000000ebd118e8) 
thrown [s\src\hotspot\share\interpreter\linkResolver.cpp, line 759]
Event: 6.307 Thread 0x0000013816c87d50 Exception <a 'java/lang/NoSuchMethodError'{0x00000000ebd15bb8}: 'int java.lang.invoke.DirectMethodHandle$Holder.invokeSpecial(java.lang.Object, java.lang.Object, java.lang.Object, int)'> (0x00000000ebd15bb8) 
thrown [s\src\hotspot\share\interpreter\linkResolver.cpp, line 759]
Event: 6.314 Thread 0x0000013816c87d50 Exception <a 'java/lang/NoSuchMethodError'{0x00000000ebd31658}: 'java.lang.Object java.lang.invoke.DirectMethodHandle$Holder.invokeStatic(java.lang.Object, java.lang.Object, java.lang.Object, java.lang.Object, int)'> (0x00000000ebd31658) 
thrown [s\src\hotspot\share\interpreter\linkResolver.cpp, line 759]
Event: 6.319 Thread 0x0000013816c87d50 Exception <a 'java/lang/NoSuchMethodError'{0x00000000ebd3dc80}: 'java.lang.Object java.lang.invoke.DelegatingMethodHandle$Holder.reinvoke_L(java.lang.Object, java.lang.Object, java.lang.Object, java.lang.Object, int, int)'> (0x00000000ebd3dc80) 
thrown [s\src\hotspot\share\interpreter\linkResolver.cpp, line 759]
Event: 6.329 Thread 0x0000013816c87d50 Exception <a 'java/lang/NoSuchMethodError'{0x00000000ebd55c10}: 'java.lang.Object java.lang.invoke.Invokers$Holder.invokeExact_MT(java.lang.Object, java.lang.Object, java.lang.Object, java.lang.Object)'> (0x00000000ebd55c10) 
thrown [s\src\hotspot\share\interpreter\linkResolver.cpp, line 759]
Event: 6.828 Thread 0x0000013816c87d50 Exception <a 'java/lang/NoSuchMethodError'{0x00000000eac5dc98}: 'int java.lang.invoke.DirectMethodHandle$Holder.invokeStaticInit(java.lang.Object, java.lang.Object, java.lang.Object)'> (0x00000000eac5dc98) 
thrown [s\src\hotspot\share\interpreter\linkResolver.cpp, line 759]
Event: 6.846 Thread 0x0000013816c87d50 Exception <a 'java/lang/IncompatibleClassChangeError'{0x00000000eace4a10}: Found class java.lang.Object, but interface was expected> (0x00000000eace4a10) 
thrown [s\src\hotspot\share\interpreter\linkResolver.cpp, line 826]
Event: 6.930 Thread 0x0000013815db1470 Exception <a 'java/io/FileNotFoundException'{0x00000000eac9c1b0}> (0x00000000eac9c1b0) 
thrown [s\src\hotspot\share\prims\jni.cpp, line 516]

VM Operations (20 events):
Event: 5.056 Executing VM operation: ParallelGCFailedAllocation
Event: 5.065 Executing VM operation: ParallelGCFailedAllocation done
Event: 5.950 Executing VM operation: HandshakeAllThreads
Event: 5.950 Executing VM operation: HandshakeAllThreads done
Event: 5.984 Executing VM operation: HandshakeAllThreads
Event: 5.984 Executing VM operation: HandshakeAllThreads done
Event: 5.994 Executing VM operation: HandshakeAllThreads
Event: 5.994 Executing VM operation: HandshakeAllThreads done
Event: 6.296 Executing VM operation: HandshakeAllThreads
Event: 6.296 Executing VM operation: HandshakeAllThreads done
Event: 6.296 Executing VM operation: Cleanup
Event: 6.296 Executing VM operation: Cleanup done
Event: 6.756 Executing VM operation: ParallelGCFailedAllocation
Event: 6.767 Executing VM operation: ParallelGCFailedAllocation done
Event: 6.900 Executing VM operation: HandshakeAllThreads
Event: 6.900 Executing VM operation: HandshakeAllThreads done
Event: 6.956 Executing VM operation: CollectForMetadataAllocation
Event: 7.009 Executing VM operation: CollectForMetadataAllocation done
Event: 7.682 Executing VM operation: ParallelGCFailedAllocation
Event: 7.684 Executing VM operation: ParallelGCFailedAllocation done

Events (20 events):
Event: 6.954 loading class java/util/zip/GZIPOutputStream done
Event: 7.009 loading class java/util/zip/GZIPInputStream
Event: 7.014 loading class java/util/zip/GZIPInputStream done
Event: 7.030 loading class java/io/StringReader
Event: 7.030 loading class java/io/StringReader done
Event: 7.056 Thread 0x000001381588a4a0 Thread exited: 0x000001381588a4a0
Event: 7.089 loading class java/net/SocketTimeoutException
Event: 7.089 loading class java/io/InterruptedIOException
Event: 7.089 loading class java/io/InterruptedIOException done
Event: 7.089 loading class java/net/SocketTimeoutException done
Event: 7.089 loading class java/net/SocketException
Event: 7.089 loading class java/net/SocketException done
Event: 7.089 loading class java/net/UnknownHostException
Event: 7.089 loading class java/net/UnknownHostException done
Event: 7.089 loading class java/net/ProtocolException
Event: 7.090 loading class java/net/ProtocolException done
Event: 7.310 loading class java/io/FileWriter
Event: 7.310 loading class java/io/FileWriter done
Event: 7.316 loading class java/lang/NegativeArraySizeException
Event: 7.316 loading class java/lang/NegativeArraySizeException done


Dynamic libraries:
0x00007ff65e660000 - 0x00007ff65e66e000 	c:\Users\HP\.vscode\extensions\redhat.java-1.13.0-win32-x64\jre\17.0.5-win32-x86_64\bin\java.exe
0x00007fff71810000 - 0x00007fff71a08000 	C:\Windows\SYSTEM32\ntdll.dll
0x00007fff703a0000 - 0x00007fff7045f000 	C:\Windows\System32\KERNEL32.DLL
0x00007fff6f400000 - 0x00007fff6f6d2000 	C:\Windows\System32\KERNELBASE.dll
0x00007fff6f730000 - 0x00007fff6f830000 	C:\Windows\System32\ucrtbase.dll
0x00007fff4cc20000 - 0x00007fff4cc37000 	c:\Users\HP\.vscode\extensions\redhat.java-1.13.0-win32-x64\jre\17.0.5-win32-x86_64\bin\jli.dll
0x00007fff70150000 - 0x00007fff702ed000 	C:\Windows\System32\USER32.dll
0x00007fff6f3d0000 - 0x00007fff6f3f2000 	C:\Windows\System32\win32u.dll
0x00007fff705a0000 - 0x00007fff705cb000 	C:\Windows\System32\GDI32.dll
0x00007fff6f050000 - 0x00007fff6f15f000 	C:\Windows\System32\gdi32full.dll
0x00007fff6f1d0000 - 0x00007fff6f26d000 	C:\Windows\System32\msvcp_win.dll
0x00007fff4a9d0000 - 0x00007fff4a9e9000 	c:\Users\HP\.vscode\extensions\redhat.java-1.13.0-win32-x64\jre\17.0.5-win32-x86_64\bin\VCRUNTIME140.dll
0x00007fff4f500000 - 0x00007fff4f79a000 	C:\Windows\WinSxS\amd64_microsoft.windows.common-controls_6595b64144ccf1df_6.0.19041.1110_none_60b5254171f9507e\COMCTL32.dll
0x00007fff70300000 - 0x00007fff7039e000 	C:\Windows\System32\msvcrt.dll
0x00007fff70ba0000 - 0x00007fff70bd2000 	C:\Windows\System32\IMM32.DLL
0x00007fff64560000 - 0x00007fff6456c000 	c:\Users\HP\.vscode\extensions\redhat.java-1.13.0-win32-x64\jre\17.0.5-win32-x86_64\bin\vcruntime140_1.dll
0x00007ffefc6c0000 - 0x00007ffefc751000 	c:\Users\HP\.vscode\extensions\redhat.java-1.13.0-win32-x64\jre\17.0.5-win32-x86_64\bin\msvcp140.dll
0x00007ffefb430000 - 0x00007ffefc074000 	c:\Users\HP\.vscode\extensions\redhat.java-1.13.0-win32-x64\jre\17.0.5-win32-x86_64\bin\server\jvm.dll
0x00007fff70c50000 - 0x00007fff70cfe000 	C:\Windows\System32\ADVAPI32.dll
0x00007fff70a20000 - 0x00007fff70abc000 	C:\Windows\System32\sechost.dll
0x00007fff705d0000 - 0x00007fff706f5000 	C:\Windows\System32\RPCRT4.dll
0x00007fff5c100000 - 0x00007fff5c109000 	C:\Windows\SYSTEM32\WSOCK32.dll
0x00007fff70be0000 - 0x00007fff70c4b000 	C:\Windows\System32\WS2_32.dll
0x00007fff4f390000 - 0x00007fff4f3b7000 	C:\Windows\SYSTEM32\WINMM.dll
0x00007fff65bf0000 - 0x00007fff65bfa000 	C:\Windows\SYSTEM32\VERSION.dll
0x00007fff6d750000 - 0x00007fff6d762000 	C:\Windows\SYSTEM32\kernel.appcore.dll
0x00007fff5c480000 - 0x00007fff5c48a000 	c:\Users\HP\.vscode\extensions\redhat.java-1.13.0-win32-x64\jre\17.0.5-win32-x86_64\bin\jimage.dll
0x00007fff6cd60000 - 0x00007fff6cf44000 	C:\Windows\SYSTEM32\DBGHELP.DLL
0x00007fff59bf0000 - 0x00007fff59c1c000 	C:\Windows\SYSTEM32\dbgcore.DLL
0x00007fff6ef10000 - 0x00007fff6ef92000 	C:\Windows\System32\bcryptPrimitives.dll
0x00007fff4dbf0000 - 0x00007fff4dbfe000 	c:\Users\HP\.vscode\extensions\redhat.java-1.13.0-win32-x64\jre\17.0.5-win32-x86_64\bin\instrument.dll
0x00007fff41170000 - 0x00007fff41195000 	c:\Users\HP\.vscode\extensions\redhat.java-1.13.0-win32-x64\jre\17.0.5-win32-x86_64\bin\java.dll
0x00007fff48a90000 - 0x00007fff48aa8000 	c:\Users\HP\.vscode\extensions\redhat.java-1.13.0-win32-x64\jre\17.0.5-win32-x86_64\bin\zip.dll
0x00007fff6f930000 - 0x00007fff70073000 	C:\Windows\System32\SHELL32.dll
0x00007fff6cf50000 - 0x00007fff6d6e2000 	C:\Windows\SYSTEM32\windows.storage.dll
0x00007fff70e40000 - 0x00007fff71194000 	C:\Windows\System32\combase.dll
0x00007fff6e7b0000 - 0x00007fff6e7e0000 	C:\Windows\SYSTEM32\Wldp.dll
0x00007fff704f0000 - 0x00007fff7059d000 	C:\Windows\System32\SHCORE.dll
0x00007fff708a0000 - 0x00007fff708f5000 	C:\Windows\System32\shlwapi.dll
0x00007fff6ee50000 - 0x00007fff6ee6f000 	C:\Windows\SYSTEM32\profapi.dll
0x00007fff469a0000 - 0x00007fff469b9000 	C:\Users\HP\.vscode\extensions\redhat.java-1.13.0-win32-x64\jre\17.0.5-win32-x86_64\bin\net.dll
0x00007fff61a50000 - 0x00007fff61b5c000 	C:\Windows\SYSTEM32\WINHTTP.dll
0x00007fff6e590000 - 0x00007fff6e5fa000 	C:\Windows\system32\mswsock.dll
0x00007fff41860000 - 0x00007fff41875000 	C:\Users\HP\.vscode\extensions\redhat.java-1.13.0-win32-x64\jre\17.0.5-win32-x86_64\bin\nio.dll
0x00007fff4d7d0000 - 0x00007fff4d7e0000 	c:\Users\HP\.vscode\extensions\redhat.java-1.13.0-win32-x64\jre\17.0.5-win32-x86_64\bin\verify.dll
0x00007fff410b0000 - 0x00007fff410ee000 	C:\Users\HP\AppData\Roaming\Code\User\globalStorage\redhat.java\1.13.0\config_ss_win\org.eclipse.equinox.launcher\org.eclipse.equinox.launcher.win32.win32.x86_64_1.2.600.v20220720-1916\eclipse_11700.dll
0x00007fff70d00000 - 0x00007fff70e2a000 	C:\Windows\System32\ole32.dll

dbghelp: loaded successfully - version: 4.0.5 - missing functions: none
symbol engine: initialized successfully - sym options: 0x614 - pdb path: .;c:\Users\HP\.vscode\extensions\redhat.java-1.13.0-win32-x64\jre\17.0.5-win32-x86_64\bin;C:\Windows\SYSTEM32;C:\Windows\WinSxS\amd64_microsoft.windows.common-controls_6595b64144ccf1df_6.0.19041.1110_none_60b5254171f9507e;c:\Users\HP\.vscode\extensions\redhat.java-1.13.0-win32-x64\jre\17.0.5-win32-x86_64\bin\server;C:\Users\HP\AppData\Roaming\Code\User\globalStorage\redhat.java\1.13.0\config_ss_win\org.eclipse.equinox.launcher\org.eclipse.equinox.launcher.win32.win32.x86_64_1.2.600.v20220720-1916

VM Arguments:
jvm_args: --add-modules=ALL-SYSTEM --add-opens=java.base/java.util=ALL-UNNAMED --add-opens=java.base/java.lang=ALL-UNNAMED --add-opens=java.base/sun.nio.fs=ALL-UNNAMED -Declipse.application=org.eclipse.jdt.ls.core.id1 -Dosgi.bundles.defaultStartLevel=4 -Declipse.product=org.eclipse.jdt.ls.core.product -Djava.import.generatesMetadataFilesAtProjectRoot=false -Dfile.encoding=utf8 -XX:+UseParallelGC -XX:GCTimeRatio=4 -XX:AdaptiveSizePolicyWeight=90 -Dsun.zip.disableMemoryMapping=true -Xmx1G -Xms100m -Xlog:disable -javaagent:c:\Users\HP\.vscode\extensions\redhat.java-1.13.0-win32-x64\lombok\lombok-1.18.24.jar 
java_command: c:\Users\HP\.vscode\extensions\redhat.java-1.13.0-win32-x64\server\plugins\org.eclipse.equinox.launcher_1.6.400.v20210924-0641.jar -configuration c:\Users\HP\AppData\Roaming\Code\User\globalStorage\redhat.java\1.13.0\config_ss_win -data c:\Users\HP\AppData\Roaming\Code\User\workspaceStorage\f2350121a3b4cfbe1652b02ef9b2cb67\redhat.java\ss_ws
java_class_path (initial): c:\Users\HP\.vscode\extensions\redhat.java-1.13.0-win32-x64\server\plugins\org.eclipse.equinox.launcher_1.6.400.v20210924-0641.jar
Launcher Type: SUN_STANDARD

[Global flags]
    uintx AdaptiveSizePolicyWeight                 = 90                                        {product} {command line}
     intx CICompilerCount                          = 3                                         {product} {ergonomic}
    uintx GCTimeRatio                              = 4                                         {product} {command line}
   size_t InitialHeapSize                          = 104857600                                 {product} {command line}
   size_t MaxHeapSize                              = 1073741824                                {product} {command line}
   size_t MaxNewSize                               = 357564416                                 {product} {ergonomic}
   size_t MinHeapDeltaBytes                        = 524288                                    {product} {ergonomic}
   size_t MinHeapSize                              = 104857600                                 {product} {command line}
   size_t NewSize                                  = 34603008                                  {product} {ergonomic}
    uintx NonNMethodCodeHeapSize                   = 5832780                                {pd product} {ergonomic}
    uintx NonProfiledCodeHeapSize                  = 122912730                              {pd product} {ergonomic}
   size_t OldSize                                  = 70254592                                  {product} {ergonomic}
    uintx ProfiledCodeHeapSize                     = 122912730                              {pd product} {ergonomic}
    uintx ReservedCodeCacheSize                    = 251658240                              {pd product} {ergonomic}
     bool SegmentedCodeCache                       = true                                      {product} {ergonomic}
   size_t SoftMaxHeapSize                          = 1073741824                             {manageable} {ergonomic}
     bool UseCompressedClassPointers               = true                           {product lp64_product} {ergonomic}
     bool UseCompressedOops                        = true                           {product lp64_product} {ergonomic}
     bool UseLargePagesIndividualAllocation        = false                                  {pd product} {ergonomic}
     bool UseParallelGC                            = true                                      {product} {command line}

Logging:
Log output configuration:
 #0: stdout all=off uptime,level,tags
 #1: stderr all=off uptime,level,tags

Environment Variables:
PATH=C:\Python310\Scripts\;C:\Python310\;C:\Windows\system32;C:\Windows;C:\Windows\System32\Wbem;C:\Windows\System32\WindowsPowerShell\v1.0\;C:\Windows\System32\OpenSSH\;C:\Program Files\Microsoft SQL Server\150\Tools\Binn\;C:\Program Files\Microsoft SQL Server\Client SDK\ODBC\170\Tools\Binn\;C:\Program Files\dotnet\;C:\Program Files (x86)\Microsoft SQL Server\150\Tools\Binn\;C:\Program Files\Microsoft SQL Server\150\DTS\Binn\;C:\Program Files\Azure Data Studio\bin;E:\Softwares and Drivers\;C:\ProgramData\chocolatey\bin;E:\Softwares and Drivers\Git\cmd;C:\Program Files\Docker\Docker\resources\bin;C:\Users\HP\AppData\Local\Microsoft\WindowsApps;C:\Program Files\JetBrains\IntelliJ IDEA Community Edition 2020.3.2\bin;;C:\Users\HP\.dotnet\tools;C:\Program Files\Azure Data Studio\bin;E:\Microsoft VS Code\bin;C:\Users\HP\AppData\Roaming\npm;C:\Users\HP\AppData\Local\GitHubDesktop\bin
USERNAME=HP
OS=Windows_NT
PROCESSOR_IDENTIFIER=Intel64 Family 6 Model 78 Stepping 3, GenuineIntel
TMP=C:\Users\HP\AppData\Local\Temp
TEMP=C:\Users\HP\AppData\Local\Temp



---------------  S Y S T E M  ---------------

OS:
 Windows 10 , 64 bit Build 19041 (10.0.19041.2251)
OS uptime: 0 days 6:39 hours
Hyper-V role detected

CPU: total 4 (initial active 4) (2 cores per cpu, 2 threads per core) family 6 model 78 stepping 3 microcode 0xcc, cx8, cmov, fxsr, ht, mmx, 3dnowpref, sse, sse2, sse3, ssse3, sse4.1, sse4.2, popcnt, lzcnt, tsc, tscinvbit, avx, avx2, aes, erms, clmul, bmi1, bmi2, rtm, adx, fma, vzeroupper, clflush, clflushopt, hv

Memory: 4k page, system-wide physical 8072M (1262M free)
TotalPageFile size 8947M (AvailPageFile size 37M)
current process WorkingSet (physical memory assigned to process): 111M, peak: 111M
current process commit charge ("private bytes"): 207M, peak: 207M

vm_info: OpenJDK 64-Bit Server VM (17.0.5+8) for windows-amd64 JRE (17.0.5+8), built on Oct 19 2022 04:48:13 by "temurin" with MS VC++ 16.7 (VS2019)

END.
